<?xml version="1.0" encoding="UTF-8"?>
<testsuite xmlns:xsi="http://www.w3.org/2001/XMLSchema-instance" xsi:noNamespaceSchemaLocation="https://maven.apache.org/surefire/maven-surefire-plugin/xsd/surefire-test-report-3.0.xsd" version="3.0" name="org.apache.commons.io.output.DeferredFileOutputStreamTest" time="0.489" tests="144" errors="0" skipped="0" failures="0">
  <properties>
[...]
</properties>
  <testcase name="testTempFileAboveThresholdPrefixOnly(int)[1]" classname="org.apache.commons.io.output.DeferredFileOutputStreamTest" time="0.12"/>
  <testcase name="testTempFileAboveThresholdPrefixOnly(int)[2]" classname="org.apache.commons.io.output.DeferredFileOutputStreamTest" time="0.002"/>
  <testcase name="testTempFileAboveThresholdPrefixOnly(int)[3]" classname="org.apache.commons.io.output.DeferredFileOutputStreamTest" time="0.002"/>
  <testcase name="testTempFileAboveThresholdPrefixOnly(int)[4]" classname="org.apache.commons.io.output.DeferredFileOutputStreamTest" time="0.002"/>
  <testcase name="testTempFileAboveThresholdPrefixOnly(int)[5]" classname="org.apache.commons.io.output.DeferredFileOutputStreamTest" time="0.002"/>
  <testcase name="testTempFileAboveThresholdPrefixOnly(int)[6]" classname="org.apache.commons.io.output.DeferredFileOutputStreamTest" time="0.002"/>
  <testcase name="testTempFileAboveThresholdPrefixOnly(int)[7]" classname="org.apache.commons.io.output.DeferredFileOutputStreamTest" time="0.002"/>
  <testcase name="testTempFileAboveThresholdPrefixOnly(int)[8]" classname="org.apache.commons.io.output.DeferredFileOutputStreamTest" time="0.002"/>
  <testcase name="testTempFileAboveThresholdPrefixOnly(int)[9]" classname="org.apache.commons.io.output.DeferredFileOutputStreamTest" time="0.002"/>
  <testcase name="testTempFileAboveThresholdPrefixOnly(int)[10]" classname="org.apache.commons.io.output.DeferredFileOutputStreamTest" time="0.002"/>
  <testcase name="testTempFileAboveThresholdPrefixOnly(int)[11]" classname="org.apache.commons.io.output.DeferredFileOutputStreamTest" time="0.002"/>
  <testcase name="testTempFileAboveThresholdPrefixOnly(int)[12]" classname="org.apache.commons.io.output.DeferredFileOutputStreamTest" time="0.002"/>
  <testcase name="testTempFileAboveThresholdPrefixOnly(int)[13]" classname="org.apache.commons.io.output.DeferredFileOutputStreamTest" time="0.002"/>
  <testcase name="testWriteToLarge(int)[1]" classname="org.apache.commons.io.output.DeferredFileOutputStreamTest" time="0.002"/>
  <testcase name="testWriteToLarge(int)[2]" classname="org.apache.commons.io.output.DeferredFileOutputStreamTest" time="0.002"/>
  <testcase name="testWriteToLarge(int)[3]" classname="org.apache.commons.io.output.DeferredFileOutputStreamTest" time="0.001"/>
  <testcase name="testWriteToLarge(int)[4]" classname="org.apache.commons.io.output.DeferredFileOutputStreamTest" time="0.003"/>
  <testcase name="testWriteToLarge(int)[5]" classname="org.apache.commons.io.output.DeferredFileOutputStreamTest" time="0.001"/>
  <testcase name="testWriteToLarge(int)[6]" classname="org.apache.commons.io.output.DeferredFileOutputStreamTest" time="0.002"/>
  <testcase name="testWriteToLarge(int)[7]" classname="org.apache.commons.io.output.DeferredFileOutputStreamTest" time="0.001"/>
  <testcase name="testWriteToLarge(int)[8]" classname="org.apache.commons.io.output.DeferredFileOutputStreamTest" time="0.002"/>
  <testcase name="testWriteToLarge(int)[9]" classname="org.apache.commons.io.output.DeferredFileOutputStreamTest" time="0.001"/>
  <testcase name="testWriteToLarge(int)[10]" classname="org.apache.commons.io.output.DeferredFileOutputStreamTest" time="0.001"/>
  <testcase name="testWriteToLarge(int)[11]" classname="org.apache.commons.io.output.DeferredFileOutputStreamTest" time="0.002"/>
  <testcase name="testWriteToLarge(int)[12]" classname="org.apache.commons.io.output.DeferredFileOutputStreamTest" time="0.001"/>
  <testcase name="testWriteToLarge(int)[13]" classname="org.apache.commons.io.output.DeferredFileOutputStreamTest" time="0.002"/>
  <testcase name="testWriteToSmall(int)[1]" classname="org.apache.commons.io.output.DeferredFileOutputStreamTest" time="0.001"/>
  <testcase name="testWriteToSmall(int)[2]" classname="org.apache.commons.io.output.DeferredFileOutputStreamTest" time="0.001"/>
  <testcase name="testWriteToSmall(int)[3]" classname="org.apache.commons.io.output.DeferredFileOutputStreamTest" time="0.001"/>
  <testcase name="testWriteToSmall(int)[4]" classname="org.apache.commons.io.output.DeferredFileOutputStreamTest" time="0.001"/>
  <testcase name="testWriteToSmall(int)[5]" classname="org.apache.commons.io.output.DeferredFileOutputStreamTest" time="0.001"/>
  <testcase name="testWriteToSmall(int)[6]" classname="org.apache.commons.io.output.DeferredFileOutputStreamTest" time="0"/>
  <testcase name="testWriteToSmall(int)[7]" classname="org.apache.commons.io.output.DeferredFileOutputStreamTest" time="0.001"/>
  <testcase name="testWriteToSmall(int)[8]" classname="org.apache.commons.io.output.DeferredFileOutputStreamTest" time="0"/>
  <testcase name="testWriteToSmall(int)[9]" classname="org.apache.commons.io.output.DeferredFileOutputStreamTest" time="0"/>
  <testcase name="testWriteToSmall(int)[10]" classname="org.apache.commons.io.output.DeferredFileOutputStreamTest" time="0.001"/>
  <testcase name="testWriteToSmall(int)[11]" classname="org.apache.commons.io.output.DeferredFileOutputStreamTest" time="0"/>
  <testcase name="testWriteToSmall(int)[12]" classname="org.apache.commons.io.output.DeferredFileOutputStreamTest" time="0.001"/>
  <testcase name="testWriteToSmall(int)[13]" classname="org.apache.commons.io.output.DeferredFileOutputStreamTest" time="0"/>
  <testcase name="testBelowThreshold(int)[1]" classname="org.apache.commons.io.output.DeferredFileOutputStreamTest" time="0"/>
  <testcase name="testBelowThreshold(int)[2]" classname="org.apache.commons.io.output.DeferredFileOutputStreamTest" time="0.001"/>
  <testcase name="testBelowThreshold(int)[3]" classname="org.apache.commons.io.output.DeferredFileOutputStreamTest" time="0.001"/>
  <testcase name="testBelowThreshold(int)[4]" classname="org.apache.commons.io.output.DeferredFileOutputStreamTest" time="0"/>
  <testcase name="testBelowThreshold(int)[5]" classname="org.apache.commons.io.output.DeferredFileOutputStreamTest" time="0.001"/>
  <testcase name="testBelowThreshold(int)[6]" classname="org.apache.commons.io.output.DeferredFileOutputStreamTest" time="0.001"/>
  <testcase name="testBelowThreshold(int)[7]" classname="org.apache.commons.io.output.DeferredFileOutputStreamTest" time="0"/>
  <testcase name="testBelowThreshold(int)[8]" classname="org.apache.commons.io.output.DeferredFileOutputStreamTest" time="0"/>
  <testcase name="testBelowThreshold(int)[9]" classname="org.apache.commons.io.output.DeferredFileOutputStreamTest" time="0.001"/>
  <testcase name="testBelowThreshold(int)[10]" classname="org.apache.commons.io.output.DeferredFileOutputStreamTest" time="0.001"/>
  <testcase name="testBelowThreshold(int)[11]" classname="org.apache.commons.io.output.DeferredFileOutputStreamTest" time="0.001"/>
  <testcase name="testBelowThreshold(int)[12]" classname="org.apache.commons.io.output.DeferredFileOutputStreamTest" time="0"/>
  <testcase name="testBelowThreshold(int)[13]" classname="org.apache.commons.io.output.DeferredFileOutputStreamTest" time="0"/>
  <testcase name="testTempFileBelowThreshold(int)[1]" classname="org.apache.commons.io.output.DeferredFileOutputStreamTest" time="0"/>
  <testcase name="testTempFileBelowThreshold(int)[2]" classname="org.apache.commons.io.output.DeferredFileOutputStreamTest" time="0.001"/>
  <testcase name="testTempFileBelowThreshold(int)[3]" classname="org.apache.commons.io.output.DeferredFileOutputStreamTest" time="0.001"/>
  <testcase name="testTempFileBelowThreshold(int)[4]" classname="org.apache.commons.io.output.DeferredFileOutputStreamTest" time="0"/>
  <testcase name="testTempFileBelowThreshold(int)[5]" classname="org.apache.commons.io.output.DeferredFileOutputStreamTest" time="0.001"/>
  <testcase name="testTempFileBelowThreshold(int)[6]" classname="org.apache.commons.io.output.DeferredFileOutputStreamTest" time="0.001"/>
  <testcase name="testTempFileBelowThreshold(int)[7]" classname="org.apache.commons.io.output.DeferredFileOutputStreamTest" time="0.001"/>
  <testcase name="testTempFileBelowThreshold(int)[8]" classname="org.apache.commons.io.output.DeferredFileOutputStreamTest" time="0.001"/>
  <testcase name="testTempFileBelowThreshold(int)[9]" classname="org.apache.commons.io.output.DeferredFileOutputStreamTest" time="0"/>
  <testcase name="testTempFileBelowThreshold(int)[10]" classname="org.apache.commons.io.output.DeferredFileOutputStreamTest" time="0"/>
  <testcase name="testTempFileBelowThreshold(int)[11]" classname="org.apache.commons.io.output.DeferredFileOutputStreamTest" time="0.001"/>
  <testcase name="testTempFileBelowThreshold(int)[12]" classname="org.apache.commons.io.output.DeferredFileOutputStreamTest" time="0.001"/>
  <testcase name="testTempFileBelowThreshold(int)[13]" classname="org.apache.commons.io.output.DeferredFileOutputStreamTest" time="0.001"/>
  <testcase name="testThresholdReached(int)[1]" classname="org.apache.commons.io.output.DeferredFileOutputStreamTest" time="0.001"/>
  <testcase name="testThresholdReached(int)[2]" classname="org.apache.commons.io.output.DeferredFileOutputStreamTest" time="0.005"/>
  <testcase name="testThresholdReached(int)[3]" classname="org.apache.commons.io.output.DeferredFileOutputStreamTest" time="0.001"/>
  <testcase name="testThresholdReached(int)[4]" classname="org.apache.commons.io.output.DeferredFileOutputStreamTest" time="0.001"/>
  <testcase name="testThresholdReached(int)[5]" classname="org.apache.commons.io.output.DeferredFileOutputStreamTest" time="0.001"/>
  <testcase name="testThresholdReached(int)[6]" classname="org.apache.commons.io.output.DeferredFileOutputStreamTest" time="0.002"/>
  <testcase name="testThresholdReached(int)[7]" classname="org.apache.commons.io.output.DeferredFileOutputStreamTest" time="0.002"/>
  <testcase name="testThresholdReached(int)[8]" classname="org.apache.commons.io.output.DeferredFileOutputStreamTest" time="0.001"/>
  <testcase name="testThresholdReached(int)[9]" classname="org.apache.commons.io.output.DeferredFileOutputStreamTest" time="0.001"/>
  <testcase name="testThresholdReached(int)[10]" classname="org.apache.commons.io.output.DeferredFileOutputStreamTest" time="0.001"/>
  <testcase name="testThresholdReached(int)[11]" classname="org.apache.commons.io.output.DeferredFileOutputStreamTest" time="0.001"/>
  <testcase name="testThresholdReached(int)[12]" classname="org.apache.commons.io.output.DeferredFileOutputStreamTest" time="0.001"/>
  <testcase name="testThresholdReached(int)[13]" classname="org.apache.commons.io.output.DeferredFileOutputStreamTest" time="0.001"/>
  <testcase name="testBelowThresholdGetInputStream(int)[1]" classname="org.apache.commons.io.output.DeferredFileOutputStreamTest" time="0.002"/>
  <testcase name="testBelowThresholdGetInputStream(int)[2]" classname="org.apache.commons.io.output.DeferredFileOutputStreamTest" time="0.001"/>
  <testcase name="testBelowThresholdGetInputStream(int)[3]" classname="org.apache.commons.io.output.DeferredFileOutputStreamTest" time="0"/>
  <testcase name="testBelowThresholdGetInputStream(int)[4]" classname="org.apache.commons.io.output.DeferredFileOutputStreamTest" time="0"/>
  <testcase name="testBelowThresholdGetInputStream(int)[5]" classname="org.apache.commons.io.output.DeferredFileOutputStreamTest" time="0.001"/>
  <testcase name="testBelowThresholdGetInputStream(int)[6]" classname="org.apache.commons.io.output.DeferredFileOutputStreamTest" time="0"/>
  <testcase name="testBelowThresholdGetInputStream(int)[7]" classname="org.apache.commons.io.output.DeferredFileOutputStreamTest" time="0"/>
  <testcase name="testBelowThresholdGetInputStream(int)[8]" classname="org.apache.commons.io.output.DeferredFileOutputStreamTest" time="0.001"/>
  <testcase name="testBelowThresholdGetInputStream(int)[9]" classname="org.apache.commons.io.output.DeferredFileOutputStreamTest" time="0.001"/>
  <testcase name="testBelowThresholdGetInputStream(int)[10]" classname="org.apache.commons.io.output.DeferredFileOutputStreamTest" time="0.001"/>
  <testcase name="testBelowThresholdGetInputStream(int)[11]" classname="org.apache.commons.io.output.DeferredFileOutputStreamTest" time="0.001"/>
  <testcase name="testBelowThresholdGetInputStream(int)[12]" classname="org.apache.commons.io.output.DeferredFileOutputStreamTest" time="0"/>
  <testcase name="testBelowThresholdGetInputStream(int)[13]" classname="org.apache.commons.io.output.DeferredFileOutputStreamTest" time="0.001"/>
  <testcase name="testTempFileError" classname="org.apache.commons.io.output.DeferredFileOutputStreamTest" time="0.001"/>
  <testcase name="testAboveThreshold(int)[1]" classname="org.apache.commons.io.output.DeferredFileOutputStreamTest" time="0.002"/>
  <testcase name="testAboveThreshold(int)[2]" classname="org.apache.commons.io.output.DeferredFileOutputStreamTest" time="0.002"/>
  <testcase name="testAboveThreshold(int)[3]" classname="org.apache.commons.io.output.DeferredFileOutputStreamTest" time="0.001"/>
  <testcase name="testAboveThreshold(int)[4]" classname="org.apache.commons.io.output.DeferredFileOutputStreamTest" time="0.002"/>
  <testcase name="testAboveThreshold(int)[5]" classname="org.apache.commons.io.output.DeferredFileOutputStreamTest" time="0.002"/>
  <testcase name="testAboveThreshold(int)[6]" classname="org.apache.commons.io.output.DeferredFileOutputStreamTest" time="0.001"/>
  <testcase name="testAboveThreshold(int)[7]" classname="org.apache.commons.io.output.DeferredFileOutputStreamTest" time="0.001"/>
  <testcase name="testAboveThreshold(int)[8]" classname="org.apache.commons.io.output.DeferredFileOutputStreamTest" time="0.003"/>
  <testcase name="testAboveThreshold(int)[9]" classname="org.apache.commons.io.output.DeferredFileOutputStreamTest" time="0.002"/>
  <testcase name="testAboveThreshold(int)[10]" classname="org.apache.commons.io.output.DeferredFileOutputStreamTest" time="0.001"/>
  <testcase name="testAboveThreshold(int)[11]" classname="org.apache.commons.io.output.DeferredFileOutputStreamTest" time="0.001"/>
  <testcase name="testAboveThreshold(int)[12]" classname="org.apache.commons.io.output.DeferredFileOutputStreamTest" time="0.001"/>
  <testcase name="testAboveThreshold(int)[13]" classname="org.apache.commons.io.output.DeferredFileOutputStreamTest" time="0.001"/>
  <testcase name="testAtThreshold(int)[1]" classname="org.apache.commons.io.output.DeferredFileOutputStreamTest" time="0.001"/>
  <testcase name="testAtThreshold(int)[2]" classname="org.apache.commons.io.output.DeferredFileOutputStreamTest" time="0"/>
  <testcase name="testAtThreshold(int)[3]" classname="org.apache.commons.io.output.DeferredFileOutputStreamTest" time="0.001"/>
  <testcase name="testAtThreshold(int)[4]" classname="org.apache.commons.io.output.DeferredFileOutputStreamTest" time="0"/>
  <testcase name="testAtThreshold(int)[5]" classname="org.apache.commons.io.output.DeferredFileOutputStreamTest" time="0.001"/>
  <testcase name="testAtThreshold(int)[6]" classname="org.apache.commons.io.output.DeferredFileOutputStreamTest" time="0.001"/>
  <testcase name="testAtThreshold(int)[7]" classname="org.apache.commons.io.output.DeferredFileOutputStreamTest" time="0.001"/>
  <testcase name="testAtThreshold(int)[8]" classname="org.apache.commons.io.output.DeferredFileOutputStreamTest" time="0"/>
  <testcase name="testAtThreshold(int)[9]" classname="org.apache.commons.io.output.DeferredFileOutputStreamTest" time="0.001"/>
  <testcase name="testAtThreshold(int)[10]" classname="org.apache.commons.io.output.DeferredFileOutputStreamTest" time="0.001"/>
  <testcase name="testAtThreshold(int)[11]" classname="org.apache.commons.io.output.DeferredFileOutputStreamTest" time="0.001"/>
  <testcase name="testAtThreshold(int)[12]" classname="org.apache.commons.io.output.DeferredFileOutputStreamTest" time="0"/>
  <testcase name="testAtThreshold(int)[13]" classname="org.apache.commons.io.output.DeferredFileOutputStreamTest" time="0.001"/>
  <testcase name="testTempFileAboveThreshold(int)[1]" classname="org.apache.commons.io.output.DeferredFileOutputStreamTest" time="0.005"/>
  <testcase name="testTempFileAboveThreshold(int)[2]" classname="org.apache.commons.io.output.DeferredFileOutputStreamTest" time="0.001"/>
  <testcase name="testTempFileAboveThreshold(int)[3]" classname="org.apache.commons.io.output.DeferredFileOutputStreamTest" time="0.002"/>
  <testcase name="testTempFileAboveThreshold(int)[4]" classname="org.apache.commons.io.output.DeferredFileOutputStreamTest" time="0.002"/>
  <testcase name="testTempFileAboveThreshold(int)[5]" classname="org.apache.commons.io.output.DeferredFileOutputStreamTest" time="0.001"/>
  <testcase name="testTempFileAboveThreshold(int)[6]" classname="org.apache.commons.io.output.DeferredFileOutputStreamTest" time="0.001"/>
  <testcase name="testTempFileAboveThreshold(int)[7]" classname="org.apache.commons.io.output.DeferredFileOutputStreamTest" time="0.002"/>
  <testcase name="testTempFileAboveThreshold(int)[8]" classname="org.apache.commons.io.output.DeferredFileOutputStreamTest" time="0.002"/>
  <testcase name="testTempFileAboveThreshold(int)[9]" classname="org.apache.commons.io.output.DeferredFileOutputStreamTest" time="0.002"/>
  <testcase name="testTempFileAboveThreshold(int)[10]" classname="org.apache.commons.io.output.DeferredFileOutputStreamTest" time="0.002"/>
  <testcase name="testTempFileAboveThreshold(int)[11]" classname="org.apache.commons.io.output.DeferredFileOutputStreamTest" time="0.001"/>
  <testcase name="testTempFileAboveThreshold(int)[12]" classname="org.apache.commons.io.output.DeferredFileOutputStreamTest" time="0.002"/>
  <testcase name="testTempFileAboveThreshold(int)[13]" classname="org.apache.commons.io.output.DeferredFileOutputStreamTest" time="0.001"/>
  <testcase name="testAboveThresholdGetInputStream(int, Path)[1]" classname="org.apache.commons.io.output.DeferredFileOutputStreamTest" time="0.011"/>
  <testcase name="testAboveThresholdGetInputStream(int, Path)[2]" classname="org.apache.commons.io.output.DeferredFileOutputStreamTest" time="0.002"/>
  <testcase name="testAboveThresholdGetInputStream(int, Path)[3]" classname="org.apache.commons.io.output.DeferredFileOutputStreamTest" time="0.002"/>
  <testcase name="testAboveThresholdGetInputStream(int, Path)[4]" classname="org.apache.commons.io.output.DeferredFileOutputStreamTest" time="0.002"/>
  <testcase name="testAboveThresholdGetInputStream(int, Path)[5]" classname="org.apache.commons.io.output.DeferredFileOutputStreamTest" time="0.002"/>
  <testcase name="testAboveThresholdGetInputStream(int, Path)[6]" classname="org.apache.commons.io.output.DeferredFileOutputStreamTest" time="0.001"/>
  <testcase name="testAboveThresholdGetInputStream(int, Path)[7]" classname="org.apache.commons.io.output.DeferredFileOutputStreamTest" time="0.002"/>
  <testcase name="testAboveThresholdGetInputStream(int, Path)[8]" classname="org.apache.commons.io.output.DeferredFileOutputStreamTest" time="0.001"/>
  <testcase name="testAboveThresholdGetInputStream(int, Path)[9]" classname="org.apache.commons.io.output.DeferredFileOutputStreamTest" time="0.002"/>
  <testcase name="testAboveThresholdGetInputStream(int, Path)[10]" classname="org.apache.commons.io.output.DeferredFileOutputStreamTest" time="0.002"/>
  <testcase name="testAboveThresholdGetInputStream(int, Path)[11]" classname="org.apache.commons.io.output.DeferredFileOutputStreamTest" time="0.002"/>
  <testcase name="testAboveThresholdGetInputStream(int, Path)[12]" classname="org.apache.commons.io.output.DeferredFileOutputStreamTest" time="0.001"/>
  <testcase name="testAboveThresholdGetInputStream(int, Path)[13]" classname="org.apache.commons.io.output.DeferredFileOutputStreamTest" time="0.002"/>
</testsuite>