GROUP,PACKAGE,CLASS,INSTRUCTION_MISSED,INSTRUCTION_COVERED,BRANCH_MISSED,BRANCH_COVERED,LINE_MISSED,LINE_COVERED,COMPLEXITY_MISSED,COMPLEXITY_COVERED,METHOD_MISSED,METHOD_COVERED
Apache Commons IO,org.apache.commons.io.monitor,FileAlterationObserver.__CLR4_4_16dw6dwkylve08b,93,35,1,1,0,1,3,1,2,1
Apache Commons IO,org.apache.commons.io.monitor,FileAlterationListenerAdaptor.__CLR4_4_16bp6bpkylve069.new InvocationHandler() {...},39,0,2,0,1,0,3,0,2,0
Apache Commons IO,org.apache.commons.io.monitor,FileAlterationMonitor.__CLR4_4_16bx6bxkylve06h,93,35,1,1,0,1,3,1,2,1
Apache Commons IO,org.apache.commons.io.monitor,FileAlterationListenerAdaptor.__CLR4_4_16bp6bpkylve069,93,35,1,1,0,1,3,1,2,1
Apache Commons IO,org.apache.commons.io.monitor,FileAlterationMonitor,47,522,39,59,3,71,37,26,0,14
Apache Commons IO,org.apache.commons.io.monitor,FileEntry.__CLR4_4_16in6inkylve08v.new InvocationHandler() {...},39,0,2,0,1,0,3,0,2,0
Apache Commons IO,org.apache.commons.io.monitor,FileAlterationListenerAdaptor,0,54,0,0,0,17,0,10,0,10
Apache Commons IO,org.apache.commons.io.monitor,FileAlterationObserver,222,1253,120,142,12,131,107,48,3,21
Apache Commons IO,org.apache.commons.io.monitor,FileAlterationMonitor.__CLR4_4_16bx6bxkylve06h.new InvocationHandler() {...},39,0,2,0,1,0,3,0,2,0
Apache Commons IO,org.apache.commons.io.monitor,FileEntry,207,295,39,25,33,42,38,14,10,10
Apache Commons IO,org.apache.commons.io.monitor,FileEntry.__CLR4_4_16in6inkylve08v,93,35,1,1,0,1,3,1,2,1
Apache Commons IO,org.apache.commons.io.monitor,FileAlterationObserver.__CLR4_4_16dw6dwkylve08b.new InvocationHandler() {...},39,0,2,0,1,0,3,0,2,0
Apache Commons IO,org.apache.commons.io.serialization,ValidatingObjectInputStream,21,452,12,30,2,58,12,22,0,13
Apache Commons IO,org.apache.commons.io.serialization,ValidatingObjectInputStream.__CLR4_4_17je7jekylve0ii.new InvocationHandler() {...},39,0,2,0,1,0,3,0,2,0
Apache Commons IO,org.apache.commons.io.serialization,FullClassNameMatcher.__CLR4_4_17j07j0kylve0i8.new InvocationHandler() {...},39,0,2,0,1,0,3,0,2,0
Apache Commons IO,org.apache.commons.io.serialization,WildcardClassNameMatcher,0,32,0,0,0,7,0,3,0,3
Apache Commons IO,org.apache.commons.io.serialization,ValidatingObjectInputStream.__CLR4_4_17je7jekylve0ii,93,35,1,1,0,1,3,1,2,1
Apache Commons IO,org.apache.commons.io.serialization,FullClassNameMatcher.__CLR4_4_17j07j0kylve0i8,93,35,1,1,0,1,3,1,2,1
Apache Commons IO,org.apache.commons.io.serialization,RegexpClassNameMatcher.__CLR4_4_17j47j4kylve0id.new InvocationHandler() {...},39,0,2,0,1,0,3,0,2,0
Apache Commons IO,org.apache.commons.io.serialization,WildcardClassNameMatcher.__CLR4_4_17ku7kukylve0im,93,35,1,1,0,1,3,1,2,1
Apache Commons IO,org.apache.commons.io.serialization,RegexpClassNameMatcher,3,76,4,6,0,11,4,5,0,4
Apache Commons IO,org.apache.commons.io.serialization,WildcardClassNameMatcher.__CLR4_4_17ku7kukylve0im.new InvocationHandler() {...},39,0,2,0,1,0,3,0,2,0
Apache Commons IO,org.apache.commons.io.serialization,FullClassNameMatcher,0,37,0,0,0,7,0,3,0,3
Apache Commons IO,org.apache.commons.io.serialization,RegexpClassNameMatcher.__CLR4_4_17j47j4kylve0id,93,35,1,1,0,1,3,1,2,1
Apache Commons IO,org.apache.commons.io.input,CloseShieldReader,0,42,0,0,0,9,0,4,0,4
Apache Commons IO,org.apache.commons.io.input,InfiniteCircularInputStream.__CLR4_4_14ox4oxkylvdztk.new InvocationHandler() {...},39,0,2,0,1,0,3,0,2,0
Apache Commons IO,org.apache.commons.io.input,ReaderInputStream.__CLR4_4_159x59xkylvdzxx,93,35,1,1,0,1,3,1,2,1
Apache Commons IO,org.apache.commons.io.input,RandomAccessFileInputStream.__CLR4_4_151l51lkylvdzwj,93,35,1,1,0,1,3,1,2,1
Apache Commons IO,org.apache.commons.io.input,ClosedInputStream,0,22,0,0,0,5,0,3,0,3
Apache Commons IO,org.apache.commons.io.input,UnsupportedOperationExceptions,3,51,0,0,0,10,1,4,1,4
Apache Commons IO,org.apache.commons.io.input,AutoCloseInputStream.__CLR4_4_1458458kylvdzoq.new InvocationHandler() {...},39,0,2,0,1,0,3,0,2,0
Apache Commons IO,org.apache.commons.io.input,CloseShieldReader.__CLR4_4_14ne4nekylvdzsp.new InvocationHandler() {...},39,0,2,0,1,0,3,0,2,0
Apache Commons IO,org.apache.commons.io.input,BrokenReader,15,83,0,0,2,22,1,8,1,8
Apache Commons IO,org.apache.commons.io.input,XmlStreamReaderException.__CLR4_4_165c65ckylve04x.new InvocationHandler() {...},39,0,2,0,1,0,3,0,2,0
Apache Commons IO,org.apache.commons.io.input,ClosedReader.__CLR4_4_14nm4nmkylvdzt1.new InvocationHandler() {...},39,0,2,0,1,0,3,0,2,0
Apache Commons IO,org.apache.commons.io.input,TaggedReader.__CLR4_4_15k95k9kylvdzzx.new InvocationHandler() {...},39,0,2,0,1,0,3,0,2,0
Apache Commons IO,org.apache.commons.io.input,MessageDigestCalculatingInputStream.MessageDigestMaintainingObserver,14,29,0,0,3,6,1,2,1,2
Apache Commons IO,org.apache.commons.io.input,BrokenReader.__CLR4_4_14c64c6kylvdzqh.new InvocationHandler() {...},39,0,2,0,1,0,3,0,2,0
Apache Commons IO,org.apache.commons.io.input,ClassLoaderObjectInputStream.__CLR4_4_14ms4mskylvdzse,93,35,1,1,0,1,3,1,2,1
Apache Commons IO,org.apache.commons.io.input,UnsynchronizedByteArrayInputStream.__CLR4_4_15t95t9kylve02v,93,35,1,1,0,1,3,1,2,1
Apache Commons IO,org.apache.commons.io.input,BufferedFileChannelInputStream.__CLR4_4_14cm4cmkylvdzqv,93,35,1,1,0,1,3,1,2,1
Apache Commons IO,org.apache.commons.io.input,CloseShieldInputStream.__CLR4_4_14n84n8kylvdzsj.new InvocationHandler() {...},39,0,2,0,1,0,3,0,2,0
Apache Commons IO,org.apache.commons.io.input,BOMInputStream.__CLR4_4_145l45lkylvdzpc.new InvocationHandler() {...},39,0,2,0,1,0,3,0,2,0
Apache Commons IO,org.apache.commons.io.input,SwappedDataInputStream.__CLR4_4_15iv5ivkylvdzzk.new InvocationHandler() {...},39,0,2,0,1,0,3,0,2,0
Apache Commons IO,org.apache.commons.io.input,CloseShieldInputStream,0,42,0,0,0,9,0,4,0,4
Apache Commons IO,org.apache.commons.io.input,WindowsLineEndingInputStream,34,405,32,58,3,45,33,19,1,6
Apache Commons IO,org.apache.commons.io.input,BoundedInputStream,264,263,49,27,35,29,42,11,9,6
Apache Commons IO,org.apache.commons.io.input,ClosedInputStream.__CLR4_4_14nk4nkkylvdzsv,93,35,1,1,0,1,3,1,2,1
Apache Commons IO,org.apache.commons.io.input,BufferedFileChannelInputStream,181,680,64,58,19,86,55,22,2,14
Apache Commons IO,org.apache.commons.io.input,DemuxInputStream.__CLR4_4_14ok4okkylvdztg.new InvocationHandler() {...},39,0,2,0,1,0,3,0,2,0
Apache Commons IO,org.apache.commons.io.input,XmlStreamReader.__CLR4_4_15x55x5kylve04g,93,35,1,1,0,1,3,1,2,1
Apache Commons IO,org.apache.commons.io.input,XmlStreamReaderException,0,127,0,0,0,25,0,8,0,8
Apache Commons IO,org.apache.commons.io.input,TailerListenerAdapter.__CLR4_4_15oz5ozkylve016,128,0,2,0,1,0,4,0,3,0
Apache Commons IO,org.apache.commons.io.input,CharacterSetFilterReader.__CLR4_4_14lr4lrkylvdzs4.new InvocationHandler() {...},39,0,2,0,1,0,3,0,2,0
Apache Commons IO,org.apache.commons.io.input,BrokenReader.__CLR4_4_14c64c6kylvdzqh,93,35,1,1,0,1,3,1,2,1
Apache Commons IO,org.apache.commons.io.input,CharSequenceReader.__CLR4_4_14it4itkylvdzrm,93,35,1,1,0,1,3,1,2,1
Apache Commons IO,org.apache.commons.io.input,ProxyInputStream,76,261,4,6,13,57,4,15,0,14
Apache Commons IO,org.apache.commons.io.input,MessageDigestCalculatingInputStream,14,57,0,0,2,9,1,4,1,4
Apache Commons IO,org.apache.commons.io.input,CircularInputStream.__CLR4_4_14m24m2kylvdzs9,93,35,1,1,0,1,3,1,2,1
Apache Commons IO,org.apache.commons.io.input,TimestampedObserver,0,105,0,0,0,20,0,8,0,8
Apache Commons IO,org.apache.commons.io.input,ClosedReader,0,28,0,0,0,7,0,4,0,4
Apache Commons IO,org.apache.commons.io.input,UnixLineEndingInputStream,31,353,28,52,3,39,29,18,1,6
Apache Commons IO,org.apache.commons.io.input,DemuxInputStream.__CLR4_4_14ok4okkylvdztg,93,35,1,1,0,1,3,1,2,1
Apache Commons IO,org.apache.commons.io.input,ReaderInputStream.__CLR4_4_159x59xkylvdzxx.new InvocationHandler() {...},39,0,2,0,1,0,3,0,2,0
Apache Commons IO,org.apache.commons.io.input,AbstractCharacterFilterReader.__CLR4_4_1448448kylvdzof.new InvocationHandler() {...},39,0,2,0,1,0,3,0,2,0
Apache Commons IO,org.apache.commons.io.input,CountingInputStream,9,239,12,18,0,32,12,11,0,8
Apache Commons IO,org.apache.commons.io.input,MarkShieldInputStream,0,43,0,0,0,11,0,5,0,5
Apache Commons IO,org.apache.commons.io.input,TeeReader.__CLR4_4_15q35q3kylve01s.new InvocationHandler() {...},39,0,2,0,1,0,3,0,2,0
Apache Commons IO,org.apache.commons.io.input,SwappedDataInputStream.__CLR4_4_15iv5ivkylvdzzk,93,35,1,1,0,1,3,1,2,1
Apache Commons IO,org.apache.commons.io.input,UnsupportedOperationExceptions.__CLR4_4_15t35t3kylve02f.new InvocationHandler() {...},39,0,2,0,1,0,3,0,2,0
Apache Commons IO,org.apache.commons.io.input,AutoCloseInputStream,19,67,4,6,4,11,5,5,1,4
Apache Commons IO,org.apache.commons.io.input,CharacterFilterReader.__CLR4_4_14ln4lnkylvdzru,93,35,1,1,0,1,3,1,2,1
Apache Commons IO,org.apache.commons.io.input,SwappedDataInputStream,22,287,11,11,1,54,9,19,0,17
Apache Commons IO,org.apache.commons.io.input,AutoCloseInputStream.__CLR4_4_1458458kylvdzoq,93,35,1,1,0,1,3,1,2,1
Apache Commons IO,org.apache.commons.io.input,AbstractCharacterFilterReader.__CLR4_4_1448448kylvdzof,93,35,1,1,0,1,3,1,2,1
Apache Commons IO,org.apache.commons.io.input,XmlStreamReaderException.__CLR4_4_165c65ckylve04x,93,35,1,1,0,1,3,1,2,1
Apache Commons IO,org.apache.commons.io.input,TaggedReader,0,61,0,0,0,13,0,5,0,5
Apache Commons IO,org.apache.commons.io.input,ReversedLinesFileReader.__CLR4_4_15c55c5kylvdzyr,93,35,1,1,0,1,3,1,2,1
Apache Commons IO,org.apache.commons.io.input,BoundedInputStream.__CLR4_4_1491491kylvdzpu.new InvocationHandler() {...},39,0,2,0,1,0,3,0,2,0
Apache Commons IO,org.apache.commons.io.input,TailerListenerAdapter,36,6,0,0,12,1,6,2,6,2
Apache Commons IO,org.apache.commons.io.input,NullReader.__CLR4_4_14sm4smkylvdzul.new InvocationHandler() {...},39,0,2,0,1,0,3,0,2,0
Apache Commons IO,org.apache.commons.io.input,TeeReader.__CLR4_4_15q35q3kylve01s,93,35,1,1,0,1,3,1,2,1
Apache Commons IO,org.apache.commons.io.input,BoundedReader.__CLR4_4_14ar4arkylvdzq3,93,35,1,1,0,1,3,1,2,1
Apache Commons IO,org.apache.commons.io.input,NullInputStream.__CLR4_4_14pl4plkylvdzu6.new InvocationHandler() {...},39,0,2,0,1,0,3,0,2,0
Apache Commons IO,org.apache.commons.io.input,MarkShieldInputStream.__CLR4_4_14oz4ozkylvdztn,93,35,1,1,0,1,3,1,2,1
Apache Commons IO,org.apache.commons.io.input,CharSequenceInputStream,191,791,87,85,6,93,75,26,1,14
Apache Commons IO,org.apache.commons.io.input,XmlStreamReader.__CLR4_4_15x55x5kylve04g.new InvocationHandler() {...},39,0,2,0,1,0,3,0,2,0
Apache Commons IO,org.apache.commons.io.input,BufferedFileChannelInputStream.__CLR4_4_14cm4cmkylvdzqv.new InvocationHandler() {...},39,0,2,0,1,0,3,0,2,0
Apache Commons IO,org.apache.commons.io.input,SequenceReader.__CLR4_4_15hg5hgkylvdzz5,93,35,1,1,0,1,3,1,2,1
Apache Commons IO,org.apache.commons.io.input,MessageDigestCalculatingInputStream.__CLR4_4_14p64p6kylvdzts.new InvocationHandler() {...},39,0,2,0,1,0,3,0,2,0
Apache Commons IO,org.apache.commons.io.input,TaggedReader.__CLR4_4_15k95k9kylvdzzx,93,35,1,1,0,1,3,1,2,1
Apache Commons IO,org.apache.commons.io.input,CharacterFilterReader,0,37,0,2,0,5,0,5,0,4
Apache Commons IO,org.apache.commons.io.input,CharSequenceReader.__CLR4_4_14it4itkylvdzrm.new InvocationHandler() {...},39,0,2,0,1,0,3,0,2,0
Apache Commons IO,org.apache.commons.io.input,RandomAccessFileInputStream.__CLR4_4_151l51lkylvdzwj.new InvocationHandler() {...},39,0,2,0,1,0,3,0,2,0
Apache Commons IO,org.apache.commons.io.input,UnsynchronizedByteArrayInputStream,39,680,52,82,0,69,52,27,0,12
Apache Commons IO,org.apache.commons.io.input,CharacterSetFilterReader.__CLR4_4_14lr4lrkylvdzs4,93,35,1,1,0,1,3,1,2,1
Apache Commons IO,org.apache.commons.io.input,SequenceReader,24,398,34,50,0,42,34,15,0,7
Apache Commons IO,org.apache.commons.io.input,TailerListenerAdapter.__CLR4_4_15oz5ozkylve016.new InvocationHandler() {...},39,0,2,0,1,0,3,0,2,0
Apache Commons IO,org.apache.commons.io.input,CharacterFilterReader.__CLR4_4_14ln4lnkylvdzru.new InvocationHandler() {...},39,0,2,0,1,0,3,0,2,0
Apache Commons IO,org.apache.commons.io.input,MarkShieldInputStream.__CLR4_4_14oz4ozkylvdztn.new InvocationHandler() {...},39,0,2,0,1,0,3,0,2,0
Apache Commons IO,org.apache.commons.io.input,ReversedLinesFileReader.__CLR4_4_15c55c5kylvdzyr.new InvocationHandler() {...},39,0,2,0,1,0,3,0,2,0
Apache Commons IO,org.apache.commons.io.input,InfiniteCircularInputStream.__CLR4_4_14ox4oxkylvdztk,93,35,1,1,0,1,3,1,2,1
Apache Commons IO,org.apache.commons.io.input,Tailer.1__CLR4_4_1.AC1,0,7,0,0,0,1,0,2,0,2
Apache Commons IO,org.apache.commons.io.input,Tailer.1__CLR4_4_1.AC0,0,7,0,0,0,1,0,2,0,2
Apache Commons IO,org.apache.commons.io.input,UnixLineEndingInputStream.__CLR4_4_15rq5rqkylve029.new InvocationHandler() {...},39,0,2,0,1,0,3,0,2,0
Apache Commons IO,org.apache.commons.io.input,XmlStreamReader,410,2604,208,312,27,213,193,92,4,21
Apache Commons IO,org.apache.commons.io.input,QueueInputStream,3,94,4,6,0,13,4,6,0,5
Apache Commons IO,org.apache.commons.io.input,WindowsLineEndingInputStream.__CLR4_4_15vk5vkkylve033.new InvocationHandler() {...},39,0,2,0,1,0,3,0,2,0
Apache Commons IO,org.apache.commons.io.input,ProxyReader.__CLR4_4_14zi4zikylvdzvt,93,35,1,1,0,1,3,1,2,1
Apache Commons IO,org.apache.commons.io.input,TimestampedObserver.__CLR4_4_15re5rekylve01y.new InvocationHandler() {...},39,0,2,0,1,0,3,0,2,0
Apache Commons IO,org.apache.commons.io.input,ClosedReader.__CLR4_4_14nm4nmkylvdzt1,93,35,1,1,0,1,3,1,2,1
Apache Commons IO,org.apache.commons.io.input,BrokenInputStream.__CLR4_4_14bs4bskylvdzqa,93,35,1,1,0,1,3,1,2,1
Apache Commons IO,org.apache.commons.io.input,WindowsLineEndingInputStream.__CLR4_4_15vk5vkkylve033,93,35,1,1,0,1,3,1,2,1
Apache Commons IO,org.apache.commons.io.input,QueueInputStream.__CLR4_4_151a51akylvdzw6.new InvocationHandler() {...},39,0,2,0,1,0,3,0,2,0
Apache Commons IO,org.apache.commons.io.input,BOMInputStream.__CLR4_4_145l45lkylvdzpc,93,35,1,1,0,1,3,1,2,1
Apache Commons IO,org.apache.commons.io.input,ReadAheadInputStream.__CLR4_4_1531531kylvdzxb.new InvocationHandler() {...},39,0,2,0,1,0,3,0,2,0
Apache Commons IO,org.apache.commons.io.input,TeeInputStream.__CLR4_4_15p55p5kylve01d,93,35,1,1,0,1,3,1,2,1
Apache Commons IO,org.apache.commons.io.input,ClassLoaderObjectInputStream.__CLR4_4_14ms4mskylvdzse.new InvocationHandler() {...},39,0,2,0,1,0,3,0,2,0
Apache Commons IO,org.apache.commons.io.input,BOMInputStream,57,1009,76,130,0,101,76,46,0,19
Apache Commons IO,org.apache.commons.io.input,CloseShieldInputStream.__CLR4_4_14n84n8kylvdzsj,93,35,1,1,0,1,3,1,2,1
Apache Commons IO,org.apache.commons.io.input,Tailer,246,960,74,85,31,127,72,29,7,14
Apache Commons IO,org.apache.commons.io.input,UnsupportedOperationExceptions.__CLR4_4_15t35t3kylve02f,93,35,1,1,0,1,3,1,2,1
Apache Commons IO,org.apache.commons.io.input,NullInputStream,86,797,63,87,7,89,63,30,2,16
Apache Commons IO,org.apache.commons.io.input,SequenceReader.__CLR4_4_15hg5hgkylvdzz5.new InvocationHandler() {...},39,0,2,0,1,0,3,0,2,0
Apache Commons IO,org.apache.commons.io.input,DemuxInputStream,32,74,7,3,4,12,6,4,1,4
Apache Commons IO,org.apache.commons.io.input,Tailer.new Tailer.1__CLR4_4_1.AC1() {...},0,10,0,0,0,1,0,1,0,1
Apache Commons IO,org.apache.commons.io.input,Tailer.new Tailer.1__CLR4_4_1.AC0() {...},0,10,0,0,0,1,0,1,0,1
Apache Commons IO,org.apache.commons.io.input,NullInputStream.__CLR4_4_14pl4plkylvdzu6,93,35,1,1,0,1,3,1,2,1
Apache Commons IO,org.apache.commons.io.input,AbstractCharacterFilterReader,44,254,27,35,2,28,27,11,2,5
Apache Commons IO,org.apache.commons.io.input,ProxyInputStream.__CLR4_4_14y24y2kylvdzv8.new InvocationHandler() {...},39,0,2,0,1,0,3,0,2,0
Apache Commons IO,org.apache.commons.io.input,TimestampedObserver.__CLR4_4_15re5rekylve01y,93,35,1,1,0,1,3,1,2,1
Apache Commons IO,org.apache.commons.io.input,UnixLineEndingInputStream.__CLR4_4_15rq5rqkylve029,93,35,1,1,0,1,3,1,2,1
Apache Commons IO,org.apache.commons.io.input,Tailer.__CLR4_4_15kh5khkylve00q.new InvocationHandler() {...},39,0,2,0,1,0,3,0,2,0
Apache Commons IO,org.apache.commons.io.input,ReversedLinesFileReader.FilePart,156,697,75,89,6,65,65,22,0,5
Apache Commons IO,org.apache.commons.io.input,ObservableInputStream.Observer,22,15,0,0,7,5,3,3,3,3
Apache Commons IO,org.apache.commons.io.input,ObservableInputStream.__CLR4_4_14vc4vckylvdzuy.new InvocationHandler() {...},39,0,2,0,1,0,3,0,2,0
Apache Commons IO,org.apache.commons.io.input,BoundedReader.__CLR4_4_14ar4arkylvdzq3.new InvocationHandler() {...},39,0,2,0,1,0,3,0,2,0
Apache Commons IO,org.apache.commons.io.input,TaggedInputStream.__CLR4_4_15k15k1kylvdzzr.new InvocationHandler() {...},39,0,2,0,1,0,3,0,2,0
Apache Commons IO,org.apache.commons.io.input,CharSequenceReader,108,811,67,79,2,85,61,27,0,15
Apache Commons IO,org.apache.commons.io.input,Tailer.__CLR4_4_15kh5khkylve00q,93,35,1,1,0,1,3,1,2,1
Apache Commons IO,org.apache.commons.io.input,QueueInputStream.__CLR4_4_151a51akylvdzw6,93,35,1,1,0,1,3,1,2,1
Apache Commons IO,org.apache.commons.io.input,InfiniteCircularInputStream,0,16,0,0,0,3,0,2,0,2
Apache Commons IO,org.apache.commons.io.input,ReversedLinesFileReader,85,746,56,96,6,73,59,29,3,9
Apache Commons IO,org.apache.commons.io.input,CloseShieldReader.__CLR4_4_14ne4nekylvdzsp,93,35,1,1,0,1,3,1,2,1
Apache Commons IO,org.apache.commons.io.input,BoundedReader,15,288,20,32,0,35,20,13,0,7
Apache Commons IO,org.apache.commons.io.input,TeeReader,15,325,20,30,0,43,20,13,0,8
Apache Commons IO,org.apache.commons.io.input,CharacterSetFilterReader,3,87,4,6,0,11,4,6,0,5
Apache Commons IO,org.apache.commons.io.input,MessageDigestCalculatingInputStream.__CLR4_4_14p64p6kylvdzts,93,35,1,1,0,1,3,1,2,1
Apache Commons IO,org.apache.commons.io.input,BrokenInputStream.__CLR4_4_14bs4bskylvdzqa.new InvocationHandler() {...},39,0,2,0,1,0,3,0,2,0
Apache Commons IO,org.apache.commons.io.input,ProxyReader,119,289,4,6,24,64,5,15,1,14
Apache Commons IO,org.apache.commons.io.input,BrokenInputStream,0,87,0,0,0,21,0,8,0,8
Apache Commons IO,org.apache.commons.io.input,TeeInputStream.__CLR4_4_15p55p5kylve01d.new InvocationHandler() {...},39,0,2,0,1,0,3,0,2,0
Apache Commons IO,org.apache.commons.io.input,TaggedInputStream,0,61,0,0,0,13,0,5,0,5
Apache Commons IO,org.apache.commons.io.input,RandomAccessFileInputStream,68,341,33,27,3,49,28,15,1,12
Apache Commons IO,org.apache.commons.io.input,ClosedInputStream.__CLR4_4_14nk4nkkylvdzsv.new InvocationHandler() {...},39,0,2,0,1,0,3,0,2,0
Apache Commons IO,org.apache.commons.io.input,ReaderInputStream,94,580,48,66,6,66,48,22,2,11
Apache Commons IO,org.apache.commons.io.input,CircularInputStream.__CLR4_4_14m24m2kylvdzs9.new InvocationHandler() {...},39,0,2,0,1,0,3,0,2,0
Apache Commons IO,org.apache.commons.io.input,NullReader.__CLR4_4_14sm4smkylvdzul,93,35,1,1,0,1,3,1,2,1
Apache Commons IO,org.apache.commons.io.input,CountingInputStream.__CLR4_4_14np4npkylvdzta.new InvocationHandler() {...},39,0,2,0,1,0,3,0,2,0
Apache Commons IO,org.apache.commons.io.input,CharSequenceInputStream.__CLR4_4_14fl4flkylvdzr8,93,35,1,1,0,1,3,1,2,1
Apache Commons IO,org.apache.commons.io.input,TaggedInputStream.__CLR4_4_15k15k1kylvdzzr,93,35,1,1,0,1,3,1,2,1
Apache Commons IO,org.apache.commons.io.input,NullReader,64,729,52,78,6,82,54,28,2,15
Apache Commons IO,org.apache.commons.io.input,ObservableInputStream,67,591,32,48,7,95,32,27,2,17
Apache Commons IO,org.apache.commons.io.input,ProxyReader.__CLR4_4_14zi4zikylvdzvt.new InvocationHandler() {...},39,0,2,0,1,0,3,0,2,0
Apache Commons IO,org.apache.commons.io.input,CircularInputStream,12,225,16,26,0,23,16,9,0,4
Apache Commons IO,org.apache.commons.io.input,ClassLoaderObjectInputStream,23,107,4,6,4,15,4,5,0,4
Apache Commons IO,org.apache.commons.io.input,ReadAheadInputStream.__CLR4_4_1531531kylvdzxb,93,35,1,1,0,1,3,1,2,1
Apache Commons IO,org.apache.commons.io.input,CountingInputStream.__CLR4_4_14np4npkylvdzta,93,35,1,1,0,1,3,1,2,1
Apache Commons IO,org.apache.commons.io.input,UnsynchronizedByteArrayInputStream.__CLR4_4_15t95t9kylve02v.new InvocationHandler() {...},39,0,2,0,1,0,3,0,2,0
Apache Commons IO,org.apache.commons.io.input,ProxyInputStream.__CLR4_4_14y24y2kylvdzv8,93,35,1,1,0,1,3,1,2,1
Apache Commons IO,org.apache.commons.io.input,ReadAheadInputStream,445,1447,186,138,31,187,146,37,1,20
Apache Commons IO,org.apache.commons.io.input,CharSequenceInputStream.__CLR4_4_14fl4flkylvdzr8.new InvocationHandler() {...},39,0,2,0,1,0,3,0,2,0
Apache Commons IO,org.apache.commons.io.input,TeeInputStream,12,236,16,24,0,31,16,11,0,7
Apache Commons IO,org.apache.commons.io.input,BoundedInputStream.__CLR4_4_1491491kylvdzpu,93,35,1,1,0,1,3,1,2,1
Apache Commons IO,org.apache.commons.io.input,ObservableInputStream.__CLR4_4_14vc4vckylvdzuy,93,35,1,1,0,1,3,1,2,1
Apache Commons IO,org.apache.commons.io.input.buffer,CircularByteBuffer,808,336,193,33,53,40,115,12,6,8
Apache Commons IO,org.apache.commons.io.input.buffer,CircularByteBuffer.__CLR4_4_167t67tkylve05o,93,35,1,1,0,1,3,1,2,1
Apache Commons IO,org.apache.commons.io.input.buffer,CircularByteBuffer.__CLR4_4_167t67tkylve05o.new InvocationHandler() {...},39,0,2,0,1,0,3,0,2,0
Apache Commons IO,org.apache.commons.io.input.buffer,CircularBufferInputStream.__CLR4_4_165v65vkylve057,93,35,1,1,0,1,3,1,2,1
Apache Commons IO,org.apache.commons.io.input.buffer,CircularBufferInputStream.__CLR4_4_165v65vkylve057.new InvocationHandler() {...},39,0,2,0,1,0,3,0,2,0
Apache Commons IO,org.apache.commons.io.input.buffer,PeekableInputStream.__CLR4_4_16b76b7kylve062.new InvocationHandler() {...},39,0,2,0,1,0,3,0,2,0
Apache Commons IO,org.apache.commons.io.input.buffer,PeekableInputStream,161,0,20,0,17,0,15,0,5,0
Apache Commons IO,org.apache.commons.io.input.buffer,CircularBufferInputStream,132,431,59,51,7,50,50,14,1,8
Apache Commons IO,org.apache.commons.io.input.buffer,PeekableInputStream.__CLR4_4_16b76b7kylve062,128,0,2,0,1,0,4,0,3,0
Apache Commons IO,org.apache.commons.io.output,ByteArrayOutputStream.1__CLR4_4_1.AC0,0,4,0,0,0,1,0,2,0,2
Apache Commons IO,org.apache.commons.io.output,BrokenOutputStream.__CLR4_4_16ov6ovkylve0an.new InvocationHandler() {...},39,0,2,0,1,0,3,0,2,0
Apache Commons IO,org.apache.commons.io.output,NullWriter.__CLR4_4_174o74okylve0eo,93,35,1,1,0,1,3,1,2,1
Apache Commons IO,org.apache.commons.io.output,ProxyOutputStream.__CLR4_4_1770770kylve0fn,93,35,1,1,0,1,3,1,2,1
Apache Commons IO,org.apache.commons.io.output,TeeWriter,0,27,0,0,0,5,0,3,0,3
Apache Commons IO,org.apache.commons.io.output,NullOutputStream,0,33,0,0,0,10,0,5,0,5
Apache Commons IO,org.apache.commons.io.output,FilterCollectionWriter.__CLR4_4_16xd6xdkylve0ds.new InvocationHandler() {...},39,0,2,0,1,0,3,0,2,0
Apache Commons IO,org.apache.commons.io.output,BrokenOutputStream.__CLR4_4_16ov6ovkylve0an,93,35,1,1,0,1,3,1,2,1
Apache Commons IO,org.apache.commons.io.output,AppendableOutputStream.__CLR4_4_16nv6nvkylve0a4.new InvocationHandler() {...},39,0,2,0,1,0,3,0,2,0
Apache Commons IO,org.apache.commons.io.output,TeeOutputStream,0,119,0,0,0,25,0,7,0,7
Apache Commons IO,org.apache.commons.io.output,NullAppendable.__CLR4_4_174b74bkylve0ee,93,35,1,1,0,1,3,1,2,1
Apache Commons IO,org.apache.commons.io.output,ClosedWriter,0,62,0,0,0,10,0,5,0,5
Apache Commons IO,org.apache.commons.io.output,AppendableOutputStream.__CLR4_4_16nv6nvkylve0a4,93,35,1,1,0,1,3,1,2,1
Apache Commons IO,org.apache.commons.io.output,TeeOutputStream.__CLR4_4_17bf7bfkylve0gt.new InvocationHandler() {...},39,0,2,0,1,0,3,0,2,0
Apache Commons IO,org.apache.commons.io.output,QueueOutputStream.__CLR4_4_179p79pkylve0g5.new InvocationHandler() {...},39,0,2,0,1,0,3,0,2,0
Apache Commons IO,org.apache.commons.io.output,ClosedOutputStream.__CLR4_4_16ry6rykylve0bt.new InvocationHandler() {...},39,0,2,0,1,0,3,0,2,0
Apache Commons IO,org.apache.commons.io.output,ChunkedWriter.__CLR4_4_16r36r3kylve0bf.new InvocationHandler() {...},39,0,2,0,1,0,3,0,2,0
Apache Commons IO,org.apache.commons.io.output,NullAppendable,0,51,0,0,0,13,0,5,0,5
Apache Commons IO,org.apache.commons.io.output,WriterOutputStream.__CLR4_4_17ei7eikylve0hp,93,35,1,1,0,1,3,1,2,1
Apache Commons IO,org.apache.commons.io.output,ThresholdingOutputStream.__CLR4_4_17c27c2kylve0h3.new InvocationHandler() {...},39,0,2,0,1,0,3,0,2,0
Apache Commons IO,org.apache.commons.io.output,ClosedOutputStream.__CLR4_4_16ry6rykylve0bt,93,35,1,1,0,1,3,1,2,1
Apache Commons IO,org.apache.commons.io.output,BrokenWriter.__CLR4_4_16p56p5kylve0at,93,35,1,1,0,1,3,1,2,1
Apache Commons IO,org.apache.commons.io.output,NullOutputStream.__CLR4_4_174i74ikylve0eh.new InvocationHandler() {...},39,0,2,0,1,0,3,0,2,0
Apache Commons IO,org.apache.commons.io.output,UnsynchronizedByteArrayOutputStream,9,300,13,25,0,44,13,19,0,13
Apache Commons IO,org.apache.commons.io.output,CloseShieldWriter,0,42,0,0,0,9,0,4,0,4
Apache Commons IO,org.apache.commons.io.output,DeferredFileOutputStream.1__CLR4_4_1.AC0,0,7,0,0,0,1,0,2,0,2
Apache Commons IO,org.apache.commons.io.output,CloseShieldWriter.__CLR4_4_16rs6rskylve0bp.new InvocationHandler() {...},39,0,2,0,1,0,3,0,2,0
Apache Commons IO,org.apache.commons.io.output,ProxyOutputStream.__CLR4_4_1770770kylve0fn.new InvocationHandler() {...},39,0,2,0,1,0,3,0,2,0
Apache Commons IO,org.apache.commons.io.output,XmlStreamWriter,196,436,72,48,12,49,58,13,3,8
Apache Commons IO,org.apache.commons.io.output,DeferredFileOutputStream.__CLR4_4_16sv6svkylve0ci,93,35,1,1,0,1,3,1,2,1
Apache Commons IO,org.apache.commons.io.output,TaggedWriter.__CLR4_4_17b77b7kylve0gm,93,35,1,1,0,1,3,1,2,1
Apache Commons IO,org.apache.commons.io.output,BrokenWriter.__CLR4_4_16p56p5kylve0at.new InvocationHandler() {...},39,0,2,0,1,0,3,0,2,0
Apache Commons IO,org.apache.commons.io.output,BrokenWriter,0,65,0,0,0,15,0,6,0,6
Apache Commons IO,org.apache.commons.io.output,ProxyCollectionWriter.__CLR4_4_1752752kylve0f4,93,35,1,1,0,1,3,1,2,1
Apache Commons IO,org.apache.commons.io.output,UnsynchronizedByteArrayOutputStream.1__CLR4_4_1.AC0,0,4,0,0,0,1,0,2,0,2
Apache Commons IO,org.apache.commons.io.output,NullOutputStream.__CLR4_4_174i74ikylve0eh,93,35,1,1,0,1,3,1,2,1
Apache Commons IO,org.apache.commons.io.output,CountingOutputStream.__CLR4_4_16s76s7kylve0c4,93,35,1,1,0,1,3,1,2,1
Apache Commons IO,org.apache.commons.io.output,TaggedOutputStream.__CLR4_4_17az7azkylve0gh,93,35,1,1,0,1,3,1,2,1
Apache Commons IO,org.apache.commons.io.output,ProxyCollectionWriter.__CLR4_4_1752752kylve0f4.new InvocationHandler() {...},39,0,2,0,1,0,3,0,2,0
Apache Commons IO,org.apache.commons.io.output,UnsynchronizedByteArrayOutputStream.__CLR4_4_17df7dfkylve0hc.new InvocationHandler() {...},39,0,2,0,1,0,3,0,2,0
Apache Commons IO,org.apache.commons.io.output,AppendableWriter.__CLR4_4_16o16o1kylve0ah.new InvocationHandler() {...},39,0,2,0,1,0,3,0,2,0
Apache Commons IO,org.apache.commons.io.output,ProxyWriter.__CLR4_4_177v77vkylve0fy.new InvocationHandler() {...},39,0,2,0,1,0,3,0,2,0
Apache Commons IO,org.apache.commons.io.output,CountingOutputStream.__CLR4_4_16s76s7kylve0c4.new InvocationHandler() {...},39,0,2,0,1,0,3,0,2,0
Apache Commons IO,org.apache.commons.io.output,AppendableWriter.__CLR4_4_16o16o1kylve0ah,93,35,1,1,0,1,3,1,2,1
Apache Commons IO,org.apache.commons.io.output,FileWriterWithEncoding.__CLR4_4_16vl6vlkylve0d8,93,35,1,1,0,1,3,1,2,1
Apache Commons IO,org.apache.commons.io.output,FileWriterWithEncoding.__CLR4_4_16vl6vlkylve0d8.new InvocationHandler() {...},39,0,2,0,1,0,3,0,2,0
Apache Commons IO,org.apache.commons.io.output,ProxyWriter,54,357,0,0,9,89,0,15,0,15
Apache Commons IO,org.apache.commons.io.output,ClosedWriter.__CLR4_4_16s26s2kylve0by,93,35,1,1,0,1,3,1,2,1
Apache Commons IO,org.apache.commons.io.output,LockableFileWriter,290,346,43,27,39,45,44,12,12,9
Apache Commons IO,org.apache.commons.io.output,NullAppendable.__CLR4_4_174b74bkylve0ee.new InvocationHandler() {...},39,0,2,0,1,0,3,0,2,0
Apache Commons IO,org.apache.commons.io.output,TeeOutputStream.__CLR4_4_17bf7bfkylve0gt,93,35,1,1,0,1,3,1,2,1
Apache Commons IO,org.apache.commons.io.output,CloseShieldOutputStream.__CLR4_4_16rm6rmkylve0bk.new InvocationHandler() {...},39,0,2,0,1,0,3,0,2,0
Apache Commons IO,org.apache.commons.io.output,TaggedWriter,0,61,0,0,0,13,0,5,0,5
Apache Commons IO,org.apache.commons.io.output,AppendableOutputStream,0,45,0,0,0,10,0,4,0,4
Apache Commons IO,org.apache.commons.io.output,NullWriter.__CLR4_4_174o74okylve0eo.new InvocationHandler() {...},39,0,2,0,1,0,3,0,2,0
Apache Commons IO,org.apache.commons.io.output,AbstractByteArrayOutputStream.__CLR4_4_16ke6kekylve09o.new InvocationHandler() {...},39,0,2,0,1,0,3,0,2,0
Apache Commons IO,org.apache.commons.io.output,DemuxOutputStream.__CLR4_4_16v36v3kylve0cv,93,35,1,1,0,1,3,1,2,1
Apache Commons IO,org.apache.commons.io.output,DemuxOutputStream.__CLR4_4_16v36v3kylve0cv.new InvocationHandler() {...},39,0,2,0,1,0,3,0,2,0
Apache Commons IO,org.apache.commons.io.output,CloseShieldWriter.__CLR4_4_16rs6rskylve0bp,93,35,1,1,0,1,3,1,2,1
Apache Commons IO,org.apache.commons.io.output,NullPrintStream,0,19,0,0,0,4,0,2,0,2
Apache Commons IO,org.apache.commons.io.output,AbstractByteArrayOutputStream,39,991,55,81,0,115,55,27,0,14
Apache Commons IO,org.apache.commons.io.output,ProxyOutputStream,26,164,0,0,6,42,0,10,0,10
Apache Commons IO,org.apache.commons.io.output,FilterCollectionWriter.__CLR4_4_16xd6xdkylve0ds,93,35,1,1,0,1,3,1,2,1
Apache Commons IO,org.apache.commons.io.output,ChunkedWriter,6,133,8,12,0,18,8,6,0,4
Apache Commons IO,org.apache.commons.io.output,NullWriter,12,81,0,0,3,24,1,11,1,11
Apache Commons IO,org.apache.commons.io.output,LockableFileWriter.__CLR4_4_1723723kylve0e8,93,35,1,1,0,1,3,1,2,1
Apache Commons IO,org.apache.commons.io.output,StringBuilderWriter.__CLR4_4_17a27a2kylve0gc,93,35,1,1,0,1,3,1,2,1
Apache Commons IO,org.apache.commons.io.output,QueueOutputStream.__CLR4_4_179p79pkylve0g5,93,35,1,1,0,1,3,1,2,1
Apache Commons IO,org.apache.commons.io.output,CountingOutputStream,6,188,8,12,0,26,8,9,0,7
Apache Commons IO,org.apache.commons.io.output,ChunkedOutputStream.__CLR4_4_16qk6qkkylve0b9,93,35,1,1,0,1,3,1,2,1
Apache Commons IO,org.apache.commons.io.output,AbstractByteArrayOutputStream.__CLR4_4_16ke6kekylve09o,93,35,1,1,0,1,3,1,2,1
Apache Commons IO,org.apache.commons.io.output,ThresholdingOutputStream,54,324,12,22,11,50,15,19,3,14
Apache Commons IO,org.apache.commons.io.output,LockableFileWriter.__CLR4_4_1723723kylve0e8.new InvocationHandler() {...},39,0,2,0,1,0,3,0,2,0
Apache Commons IO,org.apache.commons.io.output,FileWriterWithEncoding,81,421,19,21,8,63,20,21,3,18
Apache Commons IO,org.apache.commons.io.output,ClosedWriter.__CLR4_4_16s26s2kylve0by.new InvocationHandler() {...},39,0,2,0,1,0,3,0,2,0
Apache Commons IO,org.apache.commons.io.output,CloseShieldOutputStream,0,42,0,0,0,9,0,4,0,4
Apache Commons IO,org.apache.commons.io.output,BrokenOutputStream,15,50,0,0,2,13,1,5,1,5
Apache Commons IO,org.apache.commons.io.output,ByteArrayOutputStream.__CLR4_4_16pf6pfkylve0b2.new InvocationHandler() {...},39,0,2,0,1,0,3,0,2,0
Apache Commons IO,org.apache.commons.io.output,AppendableWriter,51,203,12,10,5,32,12,10,2,9
Apache Commons IO,org.apache.commons.io.output,StringBuilderWriter.__CLR4_4_17a27a2kylve0gc.new InvocationHandler() {...},39,0,2,0,1,0,3,0,2,0
Apache Commons IO,org.apache.commons.io.output,XmlStreamWriter.__CLR4_4_17gy7gykylve0i1.new InvocationHandler() {...},39,0,2,0,1,0,3,0,2,0
Apache Commons IO,org.apache.commons.io.output,StringBuilderWriter,25,232,18,12,0,40,14,14,0,13
Apache Commons IO,org.apache.commons.io.output,DeferredFileOutputStream.__CLR4_4_16sv6svkylve0ci.new InvocationHandler() {...},39,0,2,0,1,0,3,0,2,0
Apache Commons IO,org.apache.commons.io.output,DemuxOutputStream,70,73,17,3,9,13,12,4,2,4
Apache Commons IO,org.apache.commons.io.output,ChunkedOutputStream,6,133,8,12,0,18,8,6,0,4
Apache Commons IO,org.apache.commons.io.output,XmlStreamWriter.__CLR4_4_17gy7gykylve0i1,93,35,1,1,0,1,3,1,2,1
Apache Commons IO,org.apache.commons.io.output,TeeWriter.__CLR4_4_17by7bykylve0gw.new InvocationHandler() {...},39,0,2,0,1,0,3,0,2,0
Apache Commons IO,org.apache.commons.io.output,ByteArrayOutputStream.__CLR4_4_16pf6pfkylve0b2,93,35,1,1,0,1,3,1,2,1
Apache Commons IO,org.apache.commons.io.output,ByteArrayOutputStream.new ByteArrayOutputStream.1__CLR4_4_1.AC0() {...},0,6,0,0,0,1,0,1,0,1
Apache Commons IO,org.apache.commons.io.output,DeferredFileOutputStream.new DeferredFileOutputStream.1__CLR4_4_1.AC0() {...},0,10,0,0,0,1,0,1,0,1
Apache Commons IO,org.apache.commons.io.output,TaggedOutputStream.__CLR4_4_17az7azkylve0gh.new InvocationHandler() {...},39,0,2,0,1,0,3,0,2,0
Apache Commons IO,org.apache.commons.io.output,ClosedOutputStream,0,45,0,0,0,8,0,4,0,4
Apache Commons IO,org.apache.commons.io.output,NullPrintStream.__CLR4_4_174m74mkylve0ek.new InvocationHandler() {...},39,0,2,0,1,0,3,0,2,0
Apache Commons IO,org.apache.commons.io.output,ByteArrayOutputStream,9,306,13,25,0,49,13,19,0,13
Apache Commons IO,org.apache.commons.io.output,ProxyCollectionWriter,90,332,0,0,16,88,0,16,0,16
Apache Commons IO,org.apache.commons.io.output,ThresholdingOutputStream.__CLR4_4_17c27c2kylve0h3,93,35,1,1,0,1,3,1,2,1
Apache Commons IO,org.apache.commons.io.output,QueueOutputStream,0,95,0,0,0,19,0,5,0,5
Apache Commons IO,org.apache.commons.io.output,NullPrintStream.__CLR4_4_174m74mkylve0ek,93,35,1,1,0,1,3,1,2,1
Apache Commons IO,org.apache.commons.io.output,ChunkedWriter.__CLR4_4_16r36r3kylve0bf,93,35,1,1,0,1,3,1,2,1
Apache Commons IO,org.apache.commons.io.output,ProxyWriter.__CLR4_4_177v77vkylve0fy,93,35,1,1,0,1,3,1,2,1
Apache Commons IO,org.apache.commons.io.output,UnsynchronizedByteArrayOutputStream.__CLR4_4_17df7dfkylve0hc,93,35,1,1,0,1,3,1,2,1
Apache Commons IO,org.apache.commons.io.output,TaggedOutputStream,0,61,0,0,0,13,0,5,0,5
Apache Commons IO,org.apache.commons.io.output,CloseShieldOutputStream.__CLR4_4_16rm6rmkylve0bk,93,35,1,1,0,1,3,1,2,1
Apache Commons IO,org.apache.commons.io.output,DeferredFileOutputStream,118,512,55,47,7,63,45,20,0,14
Apache Commons IO,org.apache.commons.io.output,WriterOutputStream,111,568,38,44,10,81,37,20,3,13
Apache Commons IO,org.apache.commons.io.output,TeeWriter.__CLR4_4_17by7bykylve0gw,93,35,1,1,0,1,3,1,2,1
Apache Commons IO,org.apache.commons.io.output,WriterOutputStream.__CLR4_4_17ei7eikylve0hp.new InvocationHandler() {...},39,0,2,0,1,0,3,0,2,0
Apache Commons IO,org.apache.commons.io.output,UnsynchronizedByteArrayOutputStream.new UnsynchronizedByteArrayOutputStream.1__CLR4_4_1.AC0() {...},0,6,0,0,0,1,0,1,0,1
Apache Commons IO,org.apache.commons.io.output,ChunkedOutputStream.__CLR4_4_16qk6qkkylve0b9.new InvocationHandler() {...},39,0,2,0,1,0,3,0,2,0
Apache Commons IO,org.apache.commons.io.output,FilterCollectionWriter,95,1252,102,152,0,160,96,46,0,15
Apache Commons IO,org.apache.commons.io.output,TaggedWriter.__CLR4_4_17b77b7kylve0gm.new InvocationHandler() {...},39,0,2,0,1,0,3,0,2,0
Apache Commons IO,org.apache.commons.io,FileUtils,681,6752,446,610,39,841,418,267,4,153
Apache Commons IO,org.apache.commons.io,FilenameUtils,702,5373,611,881,22,473,577,215,2,44
Apache Commons IO,org.apache.commons.io,IOExceptionWithCause.__CLR4_4_11xg1xgkylvdyvt.new InvocationHandler() {...},39,0,2,0,1,0,3,0,2,0
Apache Commons IO,org.apache.commons.io,FileExistsException.__CLR4_4_1cacakylvdygw,93,35,1,1,0,1,3,1,2,1
Apache Commons IO,org.apache.commons.io,FileDeleteStrategy.__CLR4_4_1blblkylvdygn.new InvocationHandler() {...},39,0,2,0,1,0,3,0,2,0
Apache Commons IO,org.apache.commons.io,Charsets,9,167,8,12,0,26,9,6,1,4
Apache Commons IO,org.apache.commons.io,IOExceptionWithCause.__CLR4_4_11xg1xgkylvdyvt,93,35,1,1,0,1,3,1,2,1
Apache Commons IO,org.apache.commons.io,LineIterator.__CLR4_4_12l62l6kylvdz1f,93,35,1,1,0,1,3,1,2,1
Apache Commons IO,org.apache.commons.io,IOIndexedException,6,125,8,12,0,13,8,6,0,4
Apache Commons IO,org.apache.commons.io,HexDump.__CLR4_4_11tu1tukylvdyux,93,35,1,1,0,1,3,1,2,1
Apache Commons IO,org.apache.commons.io,ThreadMonitor.__CLR4_4_12nt2ntkylvdz29,93,35,1,1,0,1,3,1,2,1
Apache Commons IO,org.apache.commons.io,ByteOrderMark.__CLR4_4_100kylvdy6v.new InvocationHandler() {...},39,0,2,0,1,0,3,0,2,0
Apache Commons IO,org.apache.commons.io,FileSystemUtils.__CLR4_4_1f0f0kylvdyj5,93,35,1,1,0,1,3,1,2,1
Apache Commons IO,org.apache.commons.io,FileCleaningTracker.Tracker,3,78,4,6,0,10,4,4,0,3
Apache Commons IO,org.apache.commons.io,FileCleaner,81,19,0,0,18,5,7,2,7,2
Apache Commons IO,org.apache.commons.io,StandardLineSeparator,0,73,0,0,0,14,0,4,0,4
Apache Commons IO,org.apache.commons.io,FileUtils.__CLR4_4_1l5l5kylvdypm.new InvocationHandler() {...},39,0,2,0,1,0,3,0,2,0
Apache Commons IO,org.apache.commons.io,IOExceptionWithCause,12,16,0,0,2,3,1,2,1,2
Apache Commons IO,org.apache.commons.io,IOIndexedException.__CLR4_4_11xk1xkkylvdyw0,93,35,1,1,0,1,3,1,2,1
Apache Commons IO,org.apache.commons.io,ByteOrderMark,27,628,36,60,0,61,36,21,0,9
Apache Commons IO,org.apache.commons.io,FilenameUtils.__CLR4_4_11a31a3kylvdytv,93,35,1,1,0,1,3,1,2,1
Apache Commons IO,org.apache.commons.io,FileCleaner.__CLR4_4_19k9kkylvdyf8,93,35,1,1,0,1,3,1,2,1
Apache Commons IO,org.apache.commons.io,FileUtils.1__CLR4_4_1.AC10,0,4,0,0,0,1,0,2,0,2
Apache Commons IO,org.apache.commons.io,FileUtils.1__CLR4_4_1.AC12,0,4,0,0,0,1,0,2,0,2
Apache Commons IO,org.apache.commons.io,FileUtils.1__CLR4_4_1.AC11,0,4,0,0,0,1,0,2,0,2
Apache Commons IO,org.apache.commons.io,FileUtils.1__CLR4_4_1.AC13,0,4,0,0,0,1,0,2,0,2
Apache Commons IO,org.apache.commons.io,ByteOrderParser.__CLR4_4_11t1tkylvdy80,93,35,1,1,0,1,3,1,2,1
Apache Commons IO,org.apache.commons.io,StreamIterator.__CLR4_4_12mu2mukylvdz1q.new InvocationHandler() {...},39,0,2,0,1,0,3,0,2,0
Apache Commons IO,org.apache.commons.io,DirectoryWalker.CancelException,0,64,0,0,0,12,0,4,0,4
Apache Commons IO,org.apache.commons.io,IOUtils.1__CLR4_4_1.AC4,0,4,0,0,0,1,0,2,0,2
Apache Commons IO,org.apache.commons.io,IOUtils.1__CLR4_4_1.AC5,0,4,0,0,0,1,0,2,0,2
Apache Commons IO,org.apache.commons.io,IOUtils.1__CLR4_4_1.AC6,0,4,0,0,0,1,0,2,0,2
Apache Commons IO,org.apache.commons.io,IOUtils.1__CLR4_4_1.AC7,0,4,0,0,0,1,0,2,0,2
Apache Commons IO,org.apache.commons.io,IOUtils.1__CLR4_4_1.AC0,0,4,0,0,0,1,0,2,0,2
Apache Commons IO,org.apache.commons.io,IOCase.__CLR4_4_11vd1vdkylvdyvb,93,35,1,1,0,1,3,1,2,1
Apache Commons IO,org.apache.commons.io,IOUtils.1__CLR4_4_1.AC1,0,4,0,0,0,1,0,2,0,2
Apache Commons IO,org.apache.commons.io,IOUtils.1__CLR4_4_1.AC2,0,4,0,0,0,1,0,2,0,2
Apache Commons IO,org.apache.commons.io,IOUtils.1__CLR4_4_1.AC3,0,4,0,0,0,1,0,2,0,2
Apache Commons IO,org.apache.commons.io,ThreadMonitor,18,219,15,17,0,37,13,10,0,7
Apache Commons IO,org.apache.commons.io,Charsets.__CLR4_4_12424kylvdy8n,93,35,1,1,0,1,3,1,2,1
Apache Commons IO,org.apache.commons.io,FileCleaningTracker.__CLR4_4_19y9ykylvdyfy,93,35,1,1,0,1,3,1,2,1
Apache Commons IO,org.apache.commons.io,IOUtils.__CLR4_4_11xy1xykylvdz04.new InvocationHandler() {...},39,0,2,0,1,0,3,0,2,0
Apache Commons IO,org.apache.commons.io,FileUtils.new FileUtils.1__CLR4_4_1.AC13() {...},0,6,0,0,0,1,0,1,0,1
Apache Commons IO,org.apache.commons.io,ByteOrderParser,14,95,8,12,2,8,9,4,1,2
Apache Commons IO,org.apache.commons.io,FileDeleteStrategy,30,147,11,13,1,24,9,9,0,6
Apache Commons IO,org.apache.commons.io,IOUtils,975,5634,526,612,69,709,476,246,15,138
Apache Commons IO,org.apache.commons.io,TaggedIOException,16,99,5,11,3,15,6,8,1,5
Apache Commons IO,org.apache.commons.io,FileUtils.new FileUtils.1__CLR4_4_1.AC9() {...},0,6,0,0,0,1,0,1,0,1
Apache Commons IO,org.apache.commons.io,FileUtils.new FileUtils.1__CLR4_4_1.AC10() {...},0,6,0,0,0,1,0,1,0,1
Apache Commons IO,org.apache.commons.io,TaggedIOException.__CLR4_4_12nf2nfkylvdz1z,93,35,1,1,0,1,3,1,2,1
Apache Commons IO,org.apache.commons.io,FileUtils.new FileUtils.1__CLR4_4_1.AC11() {...},0,6,0,0,0,1,0,1,0,1
Apache Commons IO,org.apache.commons.io,FileUtils.new FileUtils.1__CLR4_4_1.AC12() {...},0,6,0,0,0,1,0,1,0,1
Apache Commons IO,org.apache.commons.io,FileUtils.new FileUtils.1__CLR4_4_1.AC7() {...},0,6,0,0,0,1,0,1,0,1
Apache Commons IO,org.apache.commons.io,FileUtils.new FileUtils.1__CLR4_4_1.AC8() {...},0,6,0,0,0,1,0,1,0,1
Apache Commons IO,org.apache.commons.io,FileExistsException,29,15,0,0,4,3,2,2,2,2
Apache Commons IO,org.apache.commons.io,DirectoryWalker,33,569,36,60,2,73,37,28,1,16
Apache Commons IO,org.apache.commons.io,EndianUtils,6,1203,8,12,0,137,8,34,0,32
Apache Commons IO,org.apache.commons.io,FileSystemUtils,347,1589,181,186,25,170,157,42,2,12
Apache Commons IO,org.apache.commons.io,FileUtils.1__CLR4_4_1.AC6,0,4,0,0,0,1,0,2,0,2
Apache Commons IO,org.apache.commons.io,FileUtils.1__CLR4_4_1.AC7,0,4,0,0,0,1,0,2,0,2
Apache Commons IO,org.apache.commons.io,FileUtils.1__CLR4_4_1.AC8,0,4,0,0,0,1,0,2,0,2
Apache Commons IO,org.apache.commons.io,StreamIterator,110,43,20,0,15,8,13,3,3,3
Apache Commons IO,org.apache.commons.io,FileUtils.1__CLR4_4_1.AC9,0,4,0,0,0,1,0,2,0,2
Apache Commons IO,org.apache.commons.io,FileUtils.1__CLR4_4_1.AC0,0,4,0,0,0,1,0,2,0,2
Apache Commons IO,org.apache.commons.io,FileUtils.1__CLR4_4_1.AC1,0,4,0,0,0,1,0,2,0,2
Apache Commons IO,org.apache.commons.io,FileUtils.1__CLR4_4_1.AC2,0,4,0,0,0,1,0,2,0,2
Apache Commons IO,org.apache.commons.io,FileUtils.1__CLR4_4_1.AC3,0,4,0,0,0,1,0,2,0,2
Apache Commons IO,org.apache.commons.io,FileUtils.1__CLR4_4_1.AC4,0,4,0,0,0,1,0,2,0,2
Apache Commons IO,org.apache.commons.io,FileUtils.1__CLR4_4_1.AC5,0,4,0,0,0,1,0,2,0,2
Apache Commons IO,org.apache.commons.io,EndianUtils.__CLR4_4_16j6jkylvdyel,93,35,1,1,0,1,3,1,2,1
Apache Commons IO,org.apache.commons.io,FileCleaningTracker.Reaper,6,127,8,14,0,17,8,5,0,2
Apache Commons IO,org.apache.commons.io,IOUtils.new IOUtils.1__CLR4_4_1.AC0() {...},0,6,0,0,0,1,0,1,0,1
Apache Commons IO,org.apache.commons.io,IOUtils.new IOUtils.1__CLR4_4_1.AC1() {...},0,6,0,0,0,1,0,1,0,1
Apache Commons IO,org.apache.commons.io,IOUtils.new IOUtils.1__CLR4_4_1.AC2() {...},0,6,0,0,0,1,0,1,0,1
Apache Commons IO,org.apache.commons.io,IOUtils.new IOUtils.1__CLR4_4_1.AC2() {...},0,6,0,0,0,1,0,1,0,1
Apache Commons IO,org.apache.commons.io,FileDeleteStrategy.__CLR4_4_1blblkylvdygn,93,35,1,1,0,1,3,1,2,1
Apache Commons IO,org.apache.commons.io,IOUtils.new IOUtils.1__CLR4_4_1.AC3() {...},0,6,0,0,0,1,0,1,0,1
Apache Commons IO,org.apache.commons.io,IOUtils.new IOUtils.1__CLR4_4_1.AC4() {...},0,6,0,0,0,1,0,1,0,1
Apache Commons IO,org.apache.commons.io,IOUtils.new IOUtils.1__CLR4_4_1.AC5() {...},0,6,0,0,0,1,0,1,0,1
Apache Commons IO,org.apache.commons.io,IOUtils.new IOUtils.1__CLR4_4_1.AC6() {...},0,6,0,0,0,1,0,1,0,1
Apache Commons IO,org.apache.commons.io,IOUtils.new IOUtils.1__CLR4_4_1.AC7() {...},0,6,0,0,0,1,0,1,0,1
Apache Commons IO,org.apache.commons.io,IOExceptionList.__CLR4_4_11wx1wxkylvdyvn,93,35,1,1,0,1,3,1,2,1
Apache Commons IO,org.apache.commons.io,HexDump.__CLR4_4_11tu1tukylvdyux.new InvocationHandler() {...},39,0,2,0,1,0,3,0,2,0
Apache Commons IO,org.apache.commons.io,DirectoryWalker.__CLR4_4_14646kylvdyb4.new InvocationHandler() {...},39,0,2,0,1,0,3,0,2,0
Apache Commons IO,org.apache.commons.io,IOUtils.__CLR4_4_11xy1xykylvdz04,93,35,1,1,0,1,3,1,2,1
Apache Commons IO,org.apache.commons.io,FileUtils.new FileUtils.1__CLR4_4_1.AC0() {...},0,6,0,0,0,1,0,1,0,1
Apache Commons IO,org.apache.commons.io,FileUtils.new FileUtils.1__CLR4_4_1.AC1() {...},0,6,0,0,0,1,0,1,0,1
Apache Commons IO,org.apache.commons.io,FileCleaner.__CLR4_4_19k9kkylvdyf8.new InvocationHandler() {...},39,0,2,0,1,0,3,0,2,0
Apache Commons IO,org.apache.commons.io,FileUtils.new FileUtils.1__CLR4_4_1.AC2() {...},0,6,0,0,0,1,0,1,0,1
Apache Commons IO,org.apache.commons.io,FileUtils.new FileUtils.1__CLR4_4_1.AC3() {...},0,6,0,0,0,1,0,1,0,1
Apache Commons IO,org.apache.commons.io,FileUtils.__CLR4_4_1l5l5kylvdypm,93,35,1,1,0,1,3,1,2,1
Apache Commons IO,org.apache.commons.io,FileUtils.new FileUtils.1__CLR4_4_1.AC1() {...},0,6,0,0,0,1,0,1,0,1
Apache Commons IO,org.apache.commons.io,FileUtils.new FileUtils.1__CLR4_4_1.AC2() {...},0,6,0,0,0,1,0,1,0,1
Apache Commons IO,org.apache.commons.io,FileUtils.new FileUtils.1__CLR4_4_1.AC6() {...},0,6,0,0,0,1,0,1,0,1
Apache Commons IO,org.apache.commons.io,FileUtils.new FileUtils.1__CLR4_4_1.AC4() {...},0,6,0,0,0,1,0,1,0,1
Apache Commons IO,org.apache.commons.io,FileUtils.new FileUtils.1__CLR4_4_1.AC5() {...},0,6,0,0,0,1,0,1,0,1
Apache Commons IO,org.apache.commons.io,IOExceptionList,9,177,12,20,0,18,12,11,0,7
Apache Commons IO,org.apache.commons.io,FileDeleteStrategy.ForceFileDeleteStrategy,0,29,0,0,0,6,0,2,0,2
Apache Commons IO,org.apache.commons.io,HexDump,38,582,40,64,2,43,41,16,1,4
Apache Commons IO,org.apache.commons.io,StreamIterator.__CLR4_4_12mu2mukylvdz1q,93,35,1,1,0,1,3,1,2,1
Apache Commons IO,org.apache.commons.io,FileExistsException.__CLR4_4_1cacakylvdygw.new InvocationHandler() {...},39,0,2,0,1,0,3,0,2,0
Apache Commons IO,org.apache.commons.io,StandardLineSeparator.__CLR4_4_12mo2mokylvdz1l,93,35,1,1,0,1,3,1,2,1
Apache Commons IO,org.apache.commons.io,FilenameUtils.__CLR4_4_11a31a3kylvdytv.new InvocationHandler() {...},39,0,2,0,1,0,3,0,2,0
Apache Commons IO,org.apache.commons.io,CopyUtils.__CLR4_4_12n2nkylvdy9j,93,35,1,1,0,1,3,1,2,1
Apache Commons IO,org.apache.commons.io,LineIterator.__CLR4_4_12l62l6kylvdz1f.new InvocationHandler() {...},39,0,2,0,1,0,3,0,2,0
Apache Commons IO,org.apache.commons.io,ThreadMonitor.__CLR4_4_12nt2ntkylvdz29.new InvocationHandler() {...},39,0,2,0,1,0,3,0,2,0
Apache Commons IO,org.apache.commons.io,ByteOrderMark.__CLR4_4_100kylvdy6v,93,35,1,1,0,1,3,1,2,1
Apache Commons IO,org.apache.commons.io,FileCleaningTracker.__CLR4_4_19y9ykylvdyfy.new InvocationHandler() {...},39,0,2,0,1,0,3,0,2,0
Apache Commons IO,org.apache.commons.io,IOCase,37,509,31,61,3,57,32,28,1,13
Apache Commons IO,org.apache.commons.io,LineIterator,32,368,28,42,3,48,29,15,1,8
Apache Commons IO,org.apache.commons.io,FileSystemUtils.__CLR4_4_1f0f0kylvdyj5.new InvocationHandler() {...},39,0,2,0,1,0,3,0,2,0
Apache Commons IO,org.apache.commons.io,IOCase.__CLR4_4_11vd1vdkylvdyvb.new InvocationHandler() {...},39,0,2,0,1,0,3,0,2,0
Apache Commons IO,org.apache.commons.io,FileSystem.__CLR4_4_1cfcfkylvdyhn,93,35,1,1,0,1,3,1,2,1
Apache Commons IO,org.apache.commons.io,IOExceptionList.__CLR4_4_11wx1wxkylvdyvn.new InvocationHandler() {...},39,0,2,0,1,0,3,0,2,0
Apache Commons IO,org.apache.commons.io,IOIndexedException.__CLR4_4_11xk1xkkylvdyw0.new InvocationHandler() {...},39,0,2,0,1,0,3,0,2,0
Apache Commons IO,org.apache.commons.io,FileSystem.__CLR4_4_1cfcfkylvdyhn.new InvocationHandler() {...},39,0,2,0,1,0,3,0,2,0
Apache Commons IO,org.apache.commons.io,StandardLineSeparator.__CLR4_4_12mo2mokylvdz1l.new InvocationHandler() {...},39,0,2,0,1,0,3,0,2,0
Apache Commons IO,org.apache.commons.io,FileSystem,218,922,78,70,20,74,67,24,4,13
Apache Commons IO,org.apache.commons.io,TaggedIOException.__CLR4_4_12nf2nfkylvdz1z.new InvocationHandler() {...},39,0,2,0,1,0,3,0,2,0
Apache Commons IO,org.apache.commons.io,CopyUtils.__CLR4_4_12n2nkylvdy9j.new InvocationHandler() {...},39,0,2,0,1,0,3,0,2,0
Apache Commons IO,org.apache.commons.io,ByteOrderParser.__CLR4_4_11t1tkylvdy80.new InvocationHandler() {...},39,0,2,0,1,0,3,0,2,0
Apache Commons IO,org.apache.commons.io,DirectoryWalker.__CLR4_4_14646kylvdyb4,93,35,1,1,0,1,3,1,2,1
Apache Commons IO,org.apache.commons.io,FileCleaningTracker,30,242,15,15,3,36,14,11,1,9
Apache Commons IO,org.apache.commons.io,Charsets.__CLR4_4_12424kylvdy8n.new InvocationHandler() {...},39,0,2,0,1,0,3,0,2,0
Apache Commons IO,org.apache.commons.io,EndianUtils.__CLR4_4_16j6jkylvdyel.new InvocationHandler() {...},39,0,2,0,1,0,3,0,2,0
Apache Commons IO,org.apache.commons.io,CopyUtils,62,284,0,4,11,53,2,14,2,12
Apache Commons IO,org.apache.commons.io.function,IOConsumer.__CLR4_4_143b43bkylvdznj.new InvocationHandler() {...},39,0,2,0,1,0,3,0,2,0
Apache Commons IO,org.apache.commons.io.function,IOFunction.__CLR4_4_143i43ikylvdzo0,93,35,1,1,0,1,3,1,2,1
Apache Commons IO,org.apache.commons.io.function,IOFunction.__CLR4_4_143i43ikylvdzo0.new InvocationHandler() {...},39,0,2,0,1,0,3,0,2,0
Apache Commons IO,org.apache.commons.io.function,IOFunction,0,231,0,0,0,36,0,19,0,19
Apache Commons IO,org.apache.commons.io.function,IOConsumer,34,18,0,0,7,5,2,3,2,3
Apache Commons IO,org.apache.commons.io.function,IOConsumer.__CLR4_4_143b43bkylvdznj,93,35,1,1,0,1,3,1,2,1
Apache Commons IO,org.apache.commons.io.filefilter,SizeFileFilter.__CLR4_4_13x63x6kylvdzle.new InvocationHandler() {...},39,0,2,0,1,0,3,0,2,0
Apache Commons IO,org.apache.commons.io.filefilter,PrefixFileFilter,99,505,66,56,0,54,54,19,0,12
Apache Commons IO,org.apache.commons.io.filefilter,EmptyFileFilter.__CLR4_4_13i03i0kylvdzd5.new InvocationHandler() {...},39,0,2,0,1,0,3,0,2,0
Apache Commons IO,org.apache.commons.io.filefilter,AndFileFilter.__CLR4_4_13eh3ehkylvdzbt.new InvocationHandler() {...},39,0,2,0,1,0,3,0,2,0
Apache Commons IO,org.apache.commons.io.filefilter,CanExecuteFileFilter.__CLR4_4_13gl3glkylvdzc7.new InvocationHandler() {...},39,0,2,0,1,0,3,0,2,0
Apache Commons IO,org.apache.commons.io.filefilter,RegexFileFilter.__CLR4_4_13wb3wbkylvdzko,93,35,1,1,0,1,3,1,2,1
Apache Commons IO,org.apache.commons.io.filefilter,WildcardFilter.__CLR4_4_141v41vkylvdzn7.new InvocationHandler() {...},39,0,2,0,1,0,3,0,2,0
Apache Commons IO,org.apache.commons.io.filefilter,MagicNumberFileFilter.__CLR4_4_13nh3nhkylvdzh9,93,35,1,1,0,1,3,1,2,1
Apache Commons IO,org.apache.commons.io.filefilter,PathEqualsFileFilter,0,50,0,0,0,10,0,4,0,4
Apache Commons IO,org.apache.commons.io.filefilter,OrFileFilter.__CLR4_4_13rr3rrkylvdzil,93,35,1,1,0,1,3,1,2,1
Apache Commons IO,org.apache.commons.io.filefilter,CanExecuteFileFilter.__CLR4_4_13gl3glkylvdzc7,128,0,2,0,1,0,4,0,3,0
Apache Commons IO,org.apache.commons.io.filefilter,IOFileFilter.__CLR4_4_13n93n9kylvdzfk.new InvocationHandler() {...},39,0,2,0,1,0,3,0,2,0
Apache Commons IO,org.apache.commons.io.filefilter,PathEqualsFileFilter.__CLR4_4_13tk3tkkylvdzix,93,35,1,1,0,1,3,1,2,1
Apache Commons IO,org.apache.commons.io.filefilter,DirectoryFileFilter.__CLR4_4_13hv3hvkylvdzcz,93,35,1,1,0,1,3,1,2,1
Apache Commons IO,org.apache.commons.io.filefilter,TrueFileFilter.__CLR4_4_13zr3zrkylvdzmh.new InvocationHandler() {...},39,0,2,0,1,0,3,0,2,0
Apache Commons IO,org.apache.commons.io.filefilter,HiddenFileFilter.__CLR4_4_13n23n2kylvdzfd.new InvocationHandler() {...},39,0,2,0,1,0,3,0,2,0
Apache Commons IO,org.apache.commons.io.filefilter,PathVisitorFileFilter.__CLR4_4_13tq3tqkylvdzja.new InvocationHandler() {...},39,0,2,0,1,0,3,0,2,0
Apache Commons IO,org.apache.commons.io.filefilter,FileEqualsFileFilter.__CLR4_4_13ix3ixkylvdzdl,93,35,1,1,0,1,3,1,2,1
Apache Commons IO,org.apache.commons.io.filefilter,SymbolicLinkFileFilter.__CLR4_4_13zm3zmkylvdzm7.new InvocationHandler() {...},39,0,2,0,1,0,3,0,2,0
Apache Commons IO,org.apache.commons.io.filefilter,AbstractFileFilter.__CLR4_4_13d43d4kylvdzb9,93,35,1,1,0,1,3,1,2,1
Apache Commons IO,org.apache.commons.io.filefilter,SizeFileFilter.__CLR4_4_13x63x6kylvdzle,93,35,1,1,0,1,3,1,2,1
Apache Commons IO,org.apache.commons.io.filefilter,FileFilterUtils.__CLR4_4_13j93j9kylvdzez,93,35,1,1,0,1,3,1,2,1
Apache Commons IO,org.apache.commons.io.filefilter,HiddenFileFilter,10,49,0,0,2,12,0,4,0,4
Apache Commons IO,org.apache.commons.io.filefilter,FileEqualsFileFilter,0,59,0,0,0,11,0,4,0,4
Apache Commons IO,org.apache.commons.io.filefilter,WildcardFileFilter,38,488,39,53,0,52,37,21,0,12
Apache Commons IO,org.apache.commons.io.filefilter,NameFileFilter.__CLR4_4_13pj3pjkylvdzhs.new InvocationHandler() {...},39,0,2,0,1,0,3,0,2,0
Apache Commons IO,org.apache.commons.io.filefilter,PathVisitorFileFilter.__CLR4_4_13tq3tqkylvdzja,93,35,1,1,0,1,3,1,2,1
Apache Commons IO,org.apache.commons.io.filefilter,MagicNumberFileFilter,32,582,45,65,2,60,45,18,0,8
Apache Commons IO,org.apache.commons.io.filefilter,FalseFileFilter.__CLR4_4_13ii3iikylvdzdd,93,35,1,1,0,1,3,1,2,1
Apache Commons IO,org.apache.commons.io.filefilter,FileFileFilter.__CLR4_4_13j43j4kylvdzdy.new InvocationHandler() {...},39,0,2,0,1,0,3,0,2,0
Apache Commons IO,org.apache.commons.io.filefilter,IOFileFilter,17,53,0,0,3,11,1,4,1,4
Apache Commons IO,org.apache.commons.io.filefilter,CanWriteFileFilter.__CLR4_4_13gv3gvkylvdzcl.new InvocationHandler() {...},39,0,2,0,1,0,3,0,2,0
Apache Commons IO,org.apache.commons.io.filefilter,CanExecuteFileFilter,46,0,0,0,11,0,4,0,4,0
Apache Commons IO,org.apache.commons.io.filefilter,HiddenFileFilter.__CLR4_4_13n23n2kylvdzfd,93,35,1,1,0,1,3,1,2,1
Apache Commons IO,org.apache.commons.io.filefilter,WildcardFileFilter.__CLR4_4_1406406kylvdzms.new InvocationHandler() {...},39,0,2,0,1,0,3,0,2,0
Apache Commons IO,org.apache.commons.io.filefilter,CanWriteFileFilter,0,46,0,0,0,11,0,4,0,4
Apache Commons IO,org.apache.commons.io.filefilter,TrueFileFilter.__CLR4_4_13zr3zrkylvdzmh,93,35,1,1,0,1,3,1,2,1
Apache Commons IO,org.apache.commons.io.filefilter,SymbolicLinkFileFilter.__CLR4_4_13zm3zmkylvdzm7,93,35,1,1,0,1,3,1,2,1
Apache Commons IO,org.apache.commons.io.filefilter,CanReadFileFilter,0,50,0,0,0,12,0,4,0,4
Apache Commons IO,org.apache.commons.io.filefilter,DelegateFileFilter.__CLR4_4_13h03h0kylvdzcu.new InvocationHandler() {...},39,0,2,0,1,0,3,0,2,0
Apache Commons IO,org.apache.commons.io.filefilter,NotFileFilter.__CLR4_4_13r93r9kylvdzi5,93,35,1,1,0,1,3,1,2,1
Apache Commons IO,org.apache.commons.io.filefilter,RegexFileFilter,40,219,15,15,3,29,14,13,1,11
Apache Commons IO,org.apache.commons.io.filefilter,OrFileFilter.__CLR4_4_13rr3rrkylvdzil.new InvocationHandler() {...},39,0,2,0,1,0,3,0,2,0
Apache Commons IO,org.apache.commons.io.filefilter,EmptyFileFilter.1__CLR4_4_1.AC0,0,7,0,0,0,1,0,2,0,2
Apache Commons IO,org.apache.commons.io.filefilter,FileFilterUtils.__CLR4_4_13j93j9kylvdzez.new InvocationHandler() {...},39,0,2,0,1,0,3,0,2,0
Apache Commons IO,org.apache.commons.io.filefilter,PrefixFileFilter.__CLR4_4_13ue3uekylvdzjs,93,35,1,1,0,1,3,1,2,1
Apache Commons IO,org.apache.commons.io.filefilter,SuffixFileFilter.__CLR4_4_13xu3xukylvdzlu,93,35,1,1,0,1,3,1,2,1
Apache Commons IO,org.apache.commons.io.filefilter,NotFileFilter,6,161,8,16,0,22,8,11,0,7
Apache Commons IO,org.apache.commons.io.filefilter,SizeFileFilter,33,182,8,16,5,23,9,11,1,7
Apache Commons IO,org.apache.commons.io.filefilter,SuffixFileFilter,71,481,52,50,0,53,44,19,0,12
Apache Commons IO,org.apache.commons.io.filefilter,CanWriteFileFilter.__CLR4_4_13gv3gvkylvdzcl,93,35,1,1,0,1,3,1,2,1
Apache Commons IO,org.apache.commons.io.filefilter,FalseFileFilter.__CLR4_4_13ii3iikylvdzdd.new InvocationHandler() {...},39,0,2,0,1,0,3,0,2,0
Apache Commons IO,org.apache.commons.io.filefilter,AgeFileFilter.__CLR4_4_13dq3dqkylvdzbi,93,35,1,1,0,1,3,1,2,1
Apache Commons IO,org.apache.commons.io.filefilter,DirectoryFileFilter.__CLR4_4_13hv3hvkylvdzcz.new InvocationHandler() {...},39,0,2,0,1,0,3,0,2,0
Apache Commons IO,org.apache.commons.io.filefilter,WildcardFilter,75,399,45,53,3,38,39,17,0,7
Apache Commons IO,org.apache.commons.io.filefilter,PrefixFileFilter.__CLR4_4_13ue3uekylvdzjs.new InvocationHandler() {...},39,0,2,0,1,0,3,0,2,0
Apache Commons IO,org.apache.commons.io.filefilter,AbstractFileFilter.__CLR4_4_13d43d4kylvdzb9.new InvocationHandler() {...},39,0,2,0,1,0,3,0,2,0
Apache Commons IO,org.apache.commons.io.filefilter,CanReadFileFilter.__CLR4_4_13gq3gqkylvdzce.new InvocationHandler() {...},39,0,2,0,1,0,3,0,2,0
Apache Commons IO,org.apache.commons.io.filefilter,MagicNumberFileFilter.new MagicNumberFileFilter.1__CLR4_4_1.AC0() {...},0,10,0,0,0,1,0,1,0,1
Apache Commons IO,org.apache.commons.io.filefilter,MagicNumberFileFilter.new MagicNumberFileFilter.1__CLR4_4_1.AC1() {...},0,10,0,0,0,1,0,1,0,1
Apache Commons IO,org.apache.commons.io.filefilter,EmptyFileFilter.__CLR4_4_13i03i0kylvdzd5,93,35,1,1,0,1,3,1,2,1
Apache Commons IO,org.apache.commons.io.filefilter,NameFileFilter.__CLR4_4_13pj3pjkylvdzhs,93,35,1,1,0,1,3,1,2,1
Apache Commons IO,org.apache.commons.io.filefilter,CanReadFileFilter.__CLR4_4_13gq3gqkylvdzce,93,35,1,1,0,1,3,1,2,1
Apache Commons IO,org.apache.commons.io.filefilter,PathEqualsFileFilter.__CLR4_4_13tk3tkkylvdzix.new InvocationHandler() {...},39,0,2,0,1,0,3,0,2,0
Apache Commons IO,org.apache.commons.io.filefilter,EmptyFileFilter.new EmptyFileFilter.1__CLR4_4_1.AC0() {...},0,10,0,0,0,1,0,1,0,1
Apache Commons IO,org.apache.commons.io.filefilter,FileFilterUtils,106,1054,58,72,8,151,56,53,2,42
Apache Commons IO,org.apache.commons.io.filefilter,MagicNumberFileFilter.1__CLR4_4_1.AC0,0,7,0,0,0,1,0,2,0,2
Apache Commons IO,org.apache.commons.io.filefilter,MagicNumberFileFilter.1__CLR4_4_1.AC1,0,7,0,0,0,1,0,2,0,2
Apache Commons IO,org.apache.commons.io.filefilter,NameFileFilter,32,490,35,47,0,56,33,21,0,13
Apache Commons IO,org.apache.commons.io.filefilter,AbstractFileFilter,27,144,4,6,6,24,6,10,2,9
Apache Commons IO,org.apache.commons.io.filefilter,FileFileFilter.__CLR4_4_13j43j4kylvdzdy,93,35,1,1,0,1,3,1,2,1
Apache Commons IO,org.apache.commons.io.filefilter,WildcardFileFilter.__CLR4_4_1406406kylvdzms,93,35,1,1,0,1,3,1,2,1
Apache Commons IO,org.apache.commons.io.filefilter,DelegateFileFilter,33,236,23,27,1,26,21,10,0,6
Apache Commons IO,org.apache.commons.io.filefilter,NotFileFilter.__CLR4_4_13r93r9kylvdzi5.new InvocationHandler() {...},39,0,2,0,1,0,3,0,2,0
Apache Commons IO,org.apache.commons.io.filefilter,TrueFileFilter,12,92,0,0,3,24,1,8,1,8
Apache Commons IO,org.apache.commons.io.filefilter,DelegateFileFilter.__CLR4_4_13h03h0kylvdzcu,93,35,1,1,0,1,3,1,2,1
Apache Commons IO,org.apache.commons.io.filefilter,FileEqualsFileFilter.__CLR4_4_13ix3ixkylvdzdl.new InvocationHandler() {...},39,0,2,0,1,0,3,0,2,0
Apache Commons IO,org.apache.commons.io.filefilter,PathVisitorFileFilter,104,129,24,14,11,17,18,7,1,5
Apache Commons IO,org.apache.commons.io.filefilter,SuffixFileFilter.__CLR4_4_13xu3xukylvdzlu.new InvocationHandler() {...},39,0,2,0,1,0,3,0,2,0
Apache Commons IO,org.apache.commons.io.filefilter,AndFileFilter,40,586,35,53,1,71,33,28,0,17
Apache Commons IO,org.apache.commons.io.filefilter,WildcardFilter.__CLR4_4_141v41vkylvdzn7,93,35,1,1,0,1,3,1,2,1
Apache Commons IO,org.apache.commons.io.filefilter,IOFileFilter.__CLR4_4_13n93n9kylvdzfk,93,35,1,1,0,1,3,1,2,1
Apache Commons IO,org.apache.commons.io.filefilter,FileFileFilter,0,47,0,0,0,11,0,4,0,4
Apache Commons IO,org.apache.commons.io.filefilter,AgeFileFilter,13,207,4,10,2,30,4,13,0,10
Apache Commons IO,org.apache.commons.io.filefilter,SymbolicLinkFileFilter,13,30,0,0,3,7,1,3,1,3
Apache Commons IO,org.apache.commons.io.filefilter,DirectoryFileFilter,0,47,0,0,0,11,0,4,0,4
Apache Commons IO,org.apache.commons.io.filefilter,AgeFileFilter.__CLR4_4_13dq3dqkylvdzbi.new InvocationHandler() {...},39,0,2,0,1,0,3,0,2,0
Apache Commons IO,org.apache.commons.io.filefilter,FalseFileFilter,0,104,0,0,0,27,0,9,0,9
Apache Commons IO,org.apache.commons.io.filefilter,AndFileFilter.__CLR4_4_13eh3ehkylvdzbt,93,35,1,1,0,1,3,1,2,1
Apache Commons IO,org.apache.commons.io.filefilter,RegexFileFilter.__CLR4_4_13wb3wbkylvdzko.new InvocationHandler() {...},39,0,2,0,1,0,3,0,2,0
Apache Commons IO,org.apache.commons.io.filefilter,MagicNumberFileFilter.__CLR4_4_13nh3nhkylvdzh9.new InvocationHandler() {...},39,0,2,0,1,0,3,0,2,0
Apache Commons IO,org.apache.commons.io.filefilter,OrFileFilter,82,460,29,39,7,57,28,22,2,14
Apache Commons IO,org.apache.commons.io.filefilter,EmptyFileFilter,16,153,8,20,2,18,8,10,0,4
Apache Commons IO,org.apache.commons.io.file,PathUtils,503,1792,195,183,37,228,161,79,4,47
Apache Commons IO,org.apache.commons.io.file,CleaningPathVisitor,227,237,57,21,18,29,38,11,2,8
Apache Commons IO,org.apache.commons.io.file,Counters.__CLR4_4_12x82x8kylvdz67.new InvocationHandler() {...},39,0,2,0,1,0,3,0,2,0
Apache Commons IO,org.apache.commons.io.file,PathUtils.RelativeSortedPaths,32,272,27,37,1,27,25,8,0,1
Apache Commons IO,org.apache.commons.io.file,Counters.AbstractPathCounters,38,220,14,12,2,34,10,11,0,8
Apache Commons IO,org.apache.commons.io.file,CleaningPathVisitor.__CLR4_4_12u72u7kylvdz5i.new InvocationHandler() {...},39,0,2,0,1,0,3,0,2,0
Apache Commons IO,org.apache.commons.io.file,Counters.PathCounters,6,0,0,0,2,0,1,0,1,0
Apache Commons IO,org.apache.commons.io.file,SimplePathVisitor.__CLR4_4_13c33c3kylvdzan,93,35,1,1,0,1,3,1,2,1
Apache Commons IO,org.apache.commons.io.file,DirectoryStreamFilter,0,55,0,2,0,10,0,5,0,4
Apache Commons IO,org.apache.commons.io.file,CountingPathVisitor.__CLR4_4_130b30bkylvdz6u.new InvocationHandler() {...},39,0,2,0,1,0,3,0,2,0
Apache Commons IO,org.apache.commons.io.file,CountingPathVisitor,63,310,23,19,5,47,20,15,1,13
Apache Commons IO,org.apache.commons.io.file,PathUtils.__CLR4_4_133r33rkylvdza3.new InvocationHandler() {...},39,0,2,0,1,0,3,0,2,0
Apache Commons IO,org.apache.commons.io.file,CopyDirectoryVisitor.__CLR4_4_12vo2vokylvdz5u,93,35,1,1,0,1,3,1,2,1
Apache Commons IO,org.apache.commons.io.file,SimplePathVisitor.__CLR4_4_13c33c3kylvdzan.new InvocationHandler() {...},39,0,2,0,1,0,3,0,2,0
Apache Commons IO,org.apache.commons.io.file,CopyDirectoryVisitor.__CLR4_4_12vo2vokylvdz5u.new InvocationHandler() {...},39,0,2,0,1,0,3,0,2,0
Apache Commons IO,org.apache.commons.io.file,Counters,3,85,0,0,0,19,1,7,1,7
Apache Commons IO,org.apache.commons.io.file,CountingPathVisitor.__CLR4_4_130b30bkylvdz6u,93,35,1,1,0,1,3,1,2,1
Apache Commons IO,org.apache.commons.io.file,AccumulatorPathVisitor.__CLR4_4_12st2stkylvdz52.new InvocationHandler() {...},39,0,2,0,1,0,3,0,2,0
Apache Commons IO,org.apache.commons.io.file,AccumulatorPathVisitor,215,212,34,0,21,39,21,13,4,13
Apache Commons IO,org.apache.commons.io.file,SimplePathVisitor,0,11,0,0,0,3,0,2,0,2
Apache Commons IO,org.apache.commons.io.file,DirectoryStreamFilter.__CLR4_4_133l33lkylvdz8a.new InvocationHandler() {...},39,0,2,0,1,0,3,0,2,0
Apache Commons IO,org.apache.commons.io.file,NoopPathVisitor,8,0,0,0,2,0,2,0,2,0
Apache Commons IO,org.apache.commons.io.file,Counters.LongPathCounters,0,14,0,0,0,2,0,1,0,1
Apache Commons IO,org.apache.commons.io.file,StandardDeleteOption.__CLR4_4_13c43c4kylvdzat.new InvocationHandler() {...},39,0,2,0,1,0,3,0,2,0
Apache Commons IO,org.apache.commons.io.file,Counters.Counter,6,0,0,0,2,0,1,0,1,0
Apache Commons IO,org.apache.commons.io.file,Counters.LongCounter,38,171,14,8,2,30,10,10,0,9
Apache Commons IO,org.apache.commons.io.file,Counters.NoopPathCounters,0,19,0,0,0,3,0,2,0,2
Apache Commons IO,org.apache.commons.io.file,DeletingPathVisitor,255,354,78,38,21,40,55,15,2,10
Apache Commons IO,org.apache.commons.io.file,Counters.BigIntegerPathCounters,0,14,0,0,0,2,0,1,0,1
Apache Commons IO,org.apache.commons.io.file,DeletingPathVisitor.__CLR4_4_131l31lkylvdz82.new InvocationHandler() {...},39,0,2,0,1,0,3,0,2,0
Apache Commons IO,org.apache.commons.io.file,StandardDeleteOption,23,85,12,10,1,10,10,3,0,2
Apache Commons IO,org.apache.commons.io.file,DirectoryStreamFilter.__CLR4_4_133l33lkylvdz8a,93,35,1,1,0,1,3,1,2,1
Apache Commons IO,org.apache.commons.io.file,StandardDeleteOption.__CLR4_4_13c43c4kylvdzat,93,35,1,1,0,1,3,1,2,1
Apache Commons IO,org.apache.commons.io.file,PathUtils.__CLR4_4_133r33rkylvdza3,93,35,1,1,0,1,3,1,2,1
Apache Commons IO,org.apache.commons.io.file,CleaningPathVisitor.__CLR4_4_12u72u7kylvdz5i,93,35,1,1,0,1,3,1,2,1
Apache Commons IO,org.apache.commons.io.file,AccumulatorPathVisitor.__CLR4_4_12st2stkylvdz52,93,35,1,1,0,1,3,1,2,1
Apache Commons IO,org.apache.commons.io.file,DeletingPathVisitor.__CLR4_4_131l31lkylvdz82,93,35,1,1,0,1,3,1,2,1
Apache Commons IO,org.apache.commons.io.file,Counters.NoopCounter,0,54,0,0,0,14,0,6,0,6
Apache Commons IO,org.apache.commons.io.file,PathUtils.1__CLR4_4_1.AC3,0,4,0,0,0,1,0,2,0,2
Apache Commons IO,org.apache.commons.io.file,PathUtils.1__CLR4_4_1.AC2,0,4,0,0,0,1,0,2,0,2
Apache Commons IO,org.apache.commons.io.file,PathUtils.1__CLR4_4_1.AC1,4,0,0,0,1,0,2,0,2,0
Apache Commons IO,org.apache.commons.io.file,PathUtils.1__CLR4_4_1.AC0,0,4,0,0,0,1,0,2,0,2
Apache Commons IO,org.apache.commons.io.file,Counters.BigIntegerCounter,38,174,14,6,2,32,10,10,0,10
Apache Commons IO,org.apache.commons.io.file,Counters.__CLR4_4_12x82x8kylvdz67,93,35,1,1,0,1,3,1,2,1
Apache Commons IO,org.apache.commons.io.file,CopyDirectoryVisitor,311,163,57,9,32,23,38,7,6,6
Apache Commons IO,org.apache.commons.io.file,PathUtils.new PathUtils.1__CLR4_4_1.AC3() {...},0,6,0,0,0,1,0,1,0,1
Apache Commons IO,org.apache.commons.io.file,PathUtils.new PathUtils.1__CLR4_4_1.AC2() {...},0,6,0,0,0,1,0,1,0,1
Apache Commons IO,org.apache.commons.io.file,PathUtils.new PathUtils.1__CLR4_4_1.AC2() {...},0,6,0,0,0,1,0,1,0,1
Apache Commons IO,org.apache.commons.io.file,PathUtils.new PathUtils.1__CLR4_4_1.AC1() {...},6,0,0,0,1,0,1,0,1,0
Apache Commons IO,org.apache.commons.io.file,PathUtils.new PathUtils.1__CLR4_4_1.AC0() {...},0,6,0,0,0,1,0,1,0,1
Apache Commons IO,org.apache.commons.io.comparator,NameFileComparator.__CLR4_4_12r22r2kylvdz3x,93,35,1,1,0,1,3,1,2,1
Apache Commons IO,org.apache.commons.io.comparator,DirectoryFileComparator,3,67,4,6,0,9,4,5,0,4
Apache Commons IO,org.apache.commons.io.comparator,LastModifiedFileComparator.__CLR4_4_12qr2qrkylvdz3o,93,35,1,1,0,1,3,1,2,1
Apache Commons IO,org.apache.commons.io.comparator,SizeFileComparator,18,284,26,38,0,30,26,11,0,5
Apache Commons IO,org.apache.commons.io.comparator,LastModifiedFileComparator,6,98,8,12,0,11,8,5,0,3
Apache Commons IO,org.apache.commons.io.comparator,CompositeFileComparator.__CLR4_4_12p42p4kylvdz2t,93,35,1,1,0,1,3,1,2,1
Apache Commons IO,org.apache.commons.io.comparator,PathFileComparator,3,124,4,6,0,19,4,6,0,5
Apache Commons IO,org.apache.commons.io.comparator,DirectoryFileComparator.__CLR4_4_12q92q9kylvdz37.new InvocationHandler() {...},39,0,2,0,1,0,3,0,2,0
Apache Commons IO,org.apache.commons.io.comparator,ReverseFileComparator,20,72,7,3,1,11,5,4,0,4
Apache Commons IO,org.apache.commons.io.comparator,SizeFileComparator.__CLR4_4_12rw2rwkylvdz4o.new InvocationHandler() {...},39,0,2,0,1,0,3,0,2,0
Apache Commons IO,org.apache.commons.io.comparator,SizeFileComparator.__CLR4_4_12rw2rwkylvdz4o,93,35,1,1,0,1,3,1,2,1
Apache Commons IO,org.apache.commons.io.comparator,PathFileComparator.__CLR4_4_12rc2rckylvdz47.new InvocationHandler() {...},39,0,2,0,1,0,3,0,2,0
Apache Commons IO,org.apache.commons.io.comparator,AbstractFileComparator.__CLR4_4_12oq2oqkylvdz2g,93,35,1,1,0,1,3,1,2,1
Apache Commons IO,org.apache.commons.io.comparator,DefaultFileComparator,0,29,0,0,0,6,0,3,0,3
Apache Commons IO,org.apache.commons.io.comparator,AbstractFileComparator.__CLR4_4_12oq2oqkylvdz2g.new InvocationHandler() {...},39,0,2,0,1,0,3,0,2,0
Apache Commons IO,org.apache.commons.io.comparator,ExtensionFileComparator.__CLR4_4_12qf2qfkylvdz3g.new InvocationHandler() {...},39,0,2,0,1,0,3,0,2,0
Apache Commons IO,org.apache.commons.io.comparator,ReverseFileComparator.__CLR4_4_12rm2rmkylvdz4g.new InvocationHandler() {...},39,0,2,0,1,0,3,0,2,0
Apache Commons IO,org.apache.commons.io.comparator,AbstractFileComparator,6,100,8,12,0,14,8,7,0,5
Apache Commons IO,org.apache.commons.io.comparator,ExtensionFileComparator,3,136,4,6,0,21,4,6,0,5
Apache Commons IO,org.apache.commons.io.comparator,NameFileComparator,3,124,4,6,0,19,4,6,0,5
Apache Commons IO,org.apache.commons.io.comparator,DefaultFileComparator.__CLR4_4_12q72q7kylvdz30,93,35,1,1,0,1,3,1,2,1
Apache Commons IO,org.apache.commons.io.comparator,ReverseFileComparator.__CLR4_4_12rm2rmkylvdz4g,93,35,1,1,0,1,3,1,2,1
Apache Commons IO,org.apache.commons.io.comparator,DirectoryFileComparator.__CLR4_4_12q92q9kylvdz37,93,35,1,1,0,1,3,1,2,1
Apache Commons IO,org.apache.commons.io.comparator,CompositeFileComparator.__CLR4_4_12p42p4kylvdz2t.new InvocationHandler() {...},39,0,2,0,1,0,3,0,2,0
Apache Commons IO,org.apache.commons.io.comparator,LastModifiedFileComparator.__CLR4_4_12qr2qrkylvdz3o.new InvocationHandler() {...},39,0,2,0,1,0,3,0,2,0
Apache Commons IO,org.apache.commons.io.comparator,CompositeFileComparator,15,320,20,34,0,36,20,12,0,5
Apache Commons IO,org.apache.commons.io.comparator,DefaultFileComparator.__CLR4_4_12q72q7kylvdz30.new InvocationHandler() {...},39,0,2,0,1,0,3,0,2,0
Apache Commons IO,org.apache.commons.io.comparator,PathFileComparator.__CLR4_4_12rc2rckylvdz47,93,35,1,1,0,1,3,1,2,1
Apache Commons IO,org.apache.commons.io.comparator,NameFileComparator.__CLR4_4_12r22r2kylvdz3x.new InvocationHandler() {...},39,0,2,0,1,0,3,0,2,0
Apache Commons IO,org.apache.commons.io.comparator,ExtensionFileComparator.__CLR4_4_12qf2qfkylvdz3g,93,35,1,1,0,1,3,1,2,1
Apache Commons IO,org.apache.commons.io.file.spi,FileSystemProviders,24,193,16,16,1,27,14,9,0,7
Apache Commons IO,org.apache.commons.io.file.spi,FileSystemProviders.__CLR4_4_13cf3cfkylvdzb1,93,35,1,1,0,1,3,1,2,1
Apache Commons IO,org.apache.commons.io.file.spi,FileSystemProviders.__CLR4_4_13cf3cfkylvdzb1.new InvocationHandler() {...},39,0,2,0,1,0,3,0,2,0
